
** Heavy-atom coordinates will be fixed: maxlevel set to 0
  **
  ** Beginning refinement level 0
  **

%IMPACT-I (openwt): Request to open FORMATTED file 3q6u-impref_ref0.out on unit   2
 Entering IMPACT execution environment 
 Date: Tuesday, October 17 2017, at 13:23:21 EDT
 Impact version 76016
 mmshare version        39016
 Copyright (c) Schrodinger, LLC.
 All Rights Reserved.

 Host: Darwin lski1985 14.5.0 Darwin Kernel Version 14.5.0: Sun Jun  4 21:40:08 PDT 2017; root:xnu-2782.70.3~1/RELEASE_X86_64 x86_64
 Job Name: 3q6u-impref_ref0
 SCHRODINGER  directory: /opt/schrodinger/suites2017-3
 IMPACT_EXEC  directory: /opt/schrodinger/suites2017-3/impact-v7.6/bin/Darwin-x86_64
 MMSHARE_EXEC directory: /opt/schrodinger/suites2017-3/mmshare-v3.9/bin/Darwin-x86_64

 Clock-based global random seed:     1508261001
%IMPACT-I(foldmain): calling OPLS3 atomtyping ...
%IMPACT-I(foldmain): finished parameter assignment
 PARM read from file "paramstd.dat"
 Parameter obtained from atomtyping
      Current coord. are written to file: "3q6u-impref.init_coord.rst"
      Box dimensions not written


 Total number of atoms  =  5672
 
 Neighbor List Cutoff Settings
 ==================================
 Cutoff radius:   10.0000000000000     
 Update frequency: every           10  steps
 Species   1 : Neighbors are calculated on a per residue basis
 Species   1 : Cutoff by inter-atomic distances
 
 Step number:          0         Non-bonded count:  1342368
 E-pot        RMS grad     Max grad    
 -1.14929E+04  4.77370E+01  2.81180E+02
 Step number:         10         Non-bonded count:  1342368
 -1.71766E+04  2.46749E+00  6.58124E+01
 Step number:         20         Non-bonded count:  1342368
 -1.74821E+04  1.61955E+00  4.45660E+01
 Step number:         30         Non-bonded count:  1342368
 -1.76559E+04  1.61054E+00  9.43136E+01
 Step number:         40         Non-bonded count:  1342368
 -1.77834E+04  1.05247E+00  2.97400E+01
 Step number:         50         Non-bonded count:  1342368
 -1.78598E+04  8.01471E-01  2.61812E+01
 Step number:         60         Non-bonded count:  1342368
 -1.79147E+04  7.22987E-01  2.33726E+01
 Step number:         70         Non-bonded count:  1342368
 -1.79554E+04  6.52173E-01  1.81274E+01
 Step number:         80         Non-bonded count:  1342368
 -1.79830E+04  5.18159E-01  1.30928E+01
 Step number:         90         Non-bonded count:  1342368
 -1.80046E+04  5.79696E-01  1.72101E+01
 Step number:        100         Non-bonded count:  1342368
 -1.80192E+04  4.35525E-01  9.55313E+00
 Step number:        100         Non-bonded count:  1342368
 -1.80192E+04  4.35525E-01  9.55313E+00
      Current coord. are written to file: "3q6u-impref.min0_coord.rst"
      Box dimensions not written
      Current coordinates are read from file: "3q6u-impref.init_coord.rst"
      Box dimensions not read
          read from "3q6u-impref.init_coord.rst"
  
 Energy and Force Generation Info: 
 --------------------------------- 
 Number of E&F called:     315
 PARM read from file "paramstd.dat"
 Parameter obtained from atomtyping
      Current coordinates are read from file: "3q6u-impref.min0_coord.rst"
      Box dimensions not read
          read from "3q6u-impref.min0_coord.rst"


 Total number of atoms  =  5672
 
 Neighbor List Cutoff Settings
 ==================================
 Cutoff radius:   10.0000000000000     
 Update frequency: every           10  steps
 Species   1 : Neighbors are calculated on a per residue basis
 Species   1 : Cutoff by inter-atomic distances
 
 Step number:          0         Non-bonded count:  1342368
 E-pot        RMS grad     Max grad    
 -1.68492E+04  2.72977E+00  2.86477E+01
 Step number:         10         Non-bonded count:  1342368
 -1.76408E+04  1.50374E+00  6.12780E+01
 Step number:         20         Non-bonded count:  1342368
 -1.77348E+04  6.80699E-01  2.39348E+01
 Step number:         30         Non-bonded count:  1342368
 -1.77728E+04  7.09371E-01  2.44128E+01
 Step number:         40         Non-bonded count:  1342368
 -1.78006E+04  3.26317E-01  9.99663E+00
 Step number:         50         Non-bonded count:  1342368
 -1.78100E+04  3.12717E-01  6.33912E+00
 Step number:         60         Non-bonded count:  1342368
 -1.78215E+04  2.91763E-01  1.15067E+01
 Step number:         70         Non-bonded count:  1342368
 -1.78307E+04  2.22139E-01  4.76627E+00
 Step number:         80         Non-bonded count:  1342368
 -1.78348E+04  2.74963E-01  7.54888E+00
 Step number:         90         Non-bonded count:  1342368
 -1.78379E+04  1.80866E-01  3.11495E+00
 Step number:        100         Non-bonded count:  1342368
 -1.78401E+04  1.20831E-01  2.41304E+00
 Step number:        100         Non-bonded count:  1342368
 -1.78401E+04  1.20831E-01  2.41304E+00
  
 Energy and Force Generation Info: 
 --------------------------------- 
 Number of E&F called:     591


Final Energy Reports:
------------------------------------
 Total Energy of the system...... -1.78401E+04 kcal/mol
 Total Potential Energy.......... -1.78401E+04 kcal/mol
 Total Kinetic Energy............  0.00000E+00 kcal/mol
 Temperature of the system.......        0.000 K
 Bond Stretch Energy.............  1.39273E+01 kcal/mol
 Angle Bending Energy............  3.00598E+02 kcal/mol
 Torsion Angle Energy............  6.06475E+01 kcal/mol
 Restraining Energy for Torsions.  0.00000E+00 kcal/mol
 1,4 Lennard Jones Energy........  4.58660E+02 kcal/mol
 1,4 Electrostatic Energy........ -3.04380E+02 kcal/mol
 Lennard Jones Energy............ -6.94326E+02 kcal/mol
 Electrostatic Energy............ -1.76752E+04 kcal/mol
 H-bond Energy...................  0.00000E+00 kcal/mol
 
 Exiting IMPACT execution environment 
 Date: Tuesday, October 17 2017, at 13:23:42 EDT
%IMPACT-I (timit): Total CPU time =      21.08 seconds (   0.4 minutes)
Total elapsed time = 21 seconds
  ** Completed refinement level 0      rmsd =  0.060

** Refinement finished. Final level: 0

** The refined complex file is 3q6u-impref_ref.mae.
