  Running PropKa to get pKas

Clusters to optimize:
    Cluster 1:
        A:ASN 1115 
        A:LYS 1114 
    Cluster 2:
        A:GLN 1134 
        A:THR 1117 : HG1
    Cluster 3:
        A:ASN 1140 
        A:ASP 1141 
        A:SER 1136 : HG 
    Cluster 4:
        A:GLN 1146 
        A:GLU 1132 
    Cluster 5:
        A:GLN 1159 
        A:ASP 1163 
        A:ASP 1160 
        A:SER 1157 : HG 
    Cluster 6:
        A:ASN 1175 
    Cluster 7:
        A:GLN 1177 
        A:ASP 1232 
        A:CYS 1235 : HG 
        A:HID 1176 
        A:ASN 1178 
    Cluster 8:
        A:GLN 1188 
        A:GLU 1110 
    Cluster 9:
        A:GLN 1217 
    Cluster 10:
        A:GLN 1238 
    Cluster 11:
        A:ASN 1243 
        A:TYR 1239 : HH 
    Cluster 12:
        A:ASN 1254 
        A:ASP 1249 
    Cluster 13:
        A:ASN 1335 
        A:TYR 1278 : HH 
        A:LYS 1294 
    Cluster 14:
        A:GLN 1336 
        A:ASP 1276 
        A:CYS 1288 : HG 
    Cluster 15:
        A:ASN 1353 
    Cluster 16:
        A:GLN 1364 
    Cluster 17:
        A:GLN 1367 
    Cluster 18:
        A:GLN 1369 
        A:HID 1368 
    Cluster 19:
        A:ASN 1375 
    Cluster 20:
        A:GLN 1388 
    Cluster 21:
        A:ASN 1394 
    Cluster 22:
        A:LYS 1101 
        A:SER 1104 : HG 
    Cluster 23:
        A:LYS 1109 
    Cluster 24:
        A:LYS 1150 
        A:ASP 1270 
        A:GLU 1167 
    Cluster 25:
        A:LYS 1173 
    Cluster 26:
        A:LYS 1205 
    Cluster 27:
        A:LYS 1267 
        A:GLU 1197 
    Cluster 28:
        A:LYS 1285 
    Cluster 29:
        A:LYS 1309 
    Cluster 30:
        A:LYS 1333 
        A:GLU 1337 
    Cluster 31:
        A:LYS 1352 
    Cluster 32:
        A:HID 1124 
    Cluster 33:
        A:HID 1228 
    Cluster 34:
        A:HID 1244 
    Cluster 35:
        A:HID 1247 
    Cluster 36:
        A:THR 1102 : HG1
    Cluster 37:
        A:SER 1103 : HG 
    Cluster 38:
        A:SER 1106 : HG 
    Cluster 39:
        A:TYR 1131 : HH 
        A:GLU 1129 
    Cluster 40:
        A:SER 1143 : HG 
    Cluster 41:
        A:THR 1151 : HG1
    Cluster 42:
        A:CYS 1156 : HG 
        A:GLU 1161 
    Cluster 43:
        A:SER 1172 : HG 
        A:CYS 1182 : HG 
    Cluster 44:
        A:SER 1186 : HG 
    Cluster 45:
        A:SER 1189 : HG 
    Cluster 46:
        A:SER 1206 : HG 
        A:ASP 1203 
    Cluster 47:
        A:THR 1211 : HG1
    Cluster 48:
        A:SER 1216 : HG 
    Cluster 49:
        A:SER 1219 : HG 
    Cluster 50:
        A:SER 1220 : HG 
    Cluster 51:
        A:CYS 1237 : HG 
    Cluster 52:
        A:CYS 1255 : HG 
    Cluster 53:
        A:THR 1258 : HG1
    Cluster 54:
        A:CYS 1259 : HG 
    Cluster 55:
        A:SER 1281 : HG 
    Cluster 56:
        A:TYR 1282 : HH 
    Cluster 57:
        A:TYR 1283 : HH 
    Cluster 58:
        A:THR 1307 : HG1
    Cluster 59:
        A:SER 1308 : HG 
    Cluster 60:
        A:THR 1310 : HG1
    Cluster 61:
        A:THR 1312 : HG1
    Cluster 62:
        A:SER 1314 : HG 
    Cluster 63:
        A:SER 1324 : HG 
    Cluster 64:
        A:TYR 1327 : HH 
    Cluster 65:
        A:TYR 1330 : HH 
    Cluster 66:
        A:SER 1332 : HG 
    Cluster 67:
        A:SER 1334 : HG 
    Cluster 68:
        A:THR 1343 : HG1
    Cluster 69:
        A:SER 1344 : HG 
    Cluster 70:
        A:CYS 1354 : HG 
    Cluster 71:
        A:TYR 1359 : HH 
    Cluster 72:
        A:THR 1363 : HG1
    Cluster 73:
        A:CYS 1365 : HG 
    Cluster 74:
        A:TYR 1385 : HH 
        A:ASP 1389 
    Cluster 75:
        A:CYS 1386 : HG 
    Cluster 76:
        A:THR 1387 : HG1
    Cluster 77:
        A:THR 1395 : HG1
    Cluster 78:
        A:TYR 1401 : HH 
    Cluster 79:
        A:ASP 1107 
    Cluster 80:
        A:GLU 1154 
    Cluster 81:
        A:GLU 1158 
    Cluster 82:
        A:GLU 1210 
    Cluster 83:
        A:ASP 1225 
    Cluster 84:
        A:GLU 1241 
    Cluster 85:
        A:GLU 1242 
    Cluster 86:
        A:GLU 1299 
    Cluster 87:
        A:GLU 1303 
    Cluster 88:
        A:ASP 1311 
    Cluster 89:
        A:GLU 1321 
    Cluster 90:
        A:GLU 1340 
    Cluster 91:
        A:ASP 1349 
    Cluster 92:
        A:GLU 1371 
    Cluster 93:
        A:ASP 1372 
    Cluster 94:
        A:GLU 1381 
    Cluster 95:
        A:GLU 1384 
    Cluster 96:
        A:ASP 1391 
    Cluster 97:
        A:GLU 1400 

Working on cluster #1...
    A:ASN 1115  : 2 states
    A:LYS 1114  : 12 states

  Scoring exhaustively (24 potential combinations)...

  Cluster results:
    A:ASN 1115  : No Flip
    A:LYS 1114  : Orientation 1/2 (pKa = 10.17)

Working on cluster #2...
    A:GLN 1134  : 2 states
    A:THR 1117 : HG1 : 8 states

  Scoring exhaustively (16 potential combinations)...

  Cluster results:
    A:GLN 1134  : No Flip
    A:THR 1117 : HG1 : Orientation 1/8

Working on cluster #3...
    A:ASN 1140  : 2 states
    A:ASP 1141  : 3 states
    A:SER 1136 : HG  : 7 states

  Scoring exhaustively (42 potential combinations)...

  Cluster results:
    A:ASN 1140  : No Flip
    A:ASP 1141  : Charged (pKa = 3.37)
    A:SER 1136 : HG  : Default 4/7

Working on cluster #4...
    A:GLN 1146  : 2 states
    A:GLU 1132  : 3 states

  Scoring exhaustively (6 potential combinations)...

  Cluster results:
    A:GLN 1146  : No Flip
    A:GLU 1132  : Charged (pKa = 2.32)

Working on cluster #5...
    A:GLN 1159  : 2 states
    A:ASP 1163  : 3 states
    A:ASP 1160  : 3 states
    A:SER 1157 : HG  : 9 states

  Scoring exhaustively (162 potential combinations)...

  Cluster results:
    A:GLN 1159  : No Flip
    A:ASP 1163  : Charged (pKa = 3.63)
    A:ASP 1160  : Charged (pKa = 2.65)
    A:SER 1157 : HG  : Orientation 2/9

Working on cluster #6...
    A:ASN 1175  : 2 states

  Scoring exhaustively (2 potential combinations)...

  Cluster results:
    A:ASN 1175  : No Flip

Working on cluster #7...
    A:GLN 1177  : 2 states
    A:ASP 1232  : 3 states
    A:CYS 1235 : HG  : 6 states
    A:HID 1176  : 6 states
    A:ASN 1178  : 2 states

  Scoring exhaustively (432 potential combinations)...

  Cluster results:
    A:GLN 1177  : No Flip
    A:ASP 1232  : Charged (pKa = 5.41)
    A:CYS 1235 : HG  : Stagger 2 4/5 (pKa = 10.55)
    A:HID 1176  : Flip HIE (pKa = 4.52)
    A:ASN 1178  : No Flip

Working on cluster #8...
    A:GLN 1188  : 2 states
    A:GLU 1110  : 3 states

  Scoring exhaustively (6 potential combinations)...

  Cluster results:
    A:GLN 1188  : No Flip
    A:GLU 1110  : Charged (pKa = 3.26)

Working on cluster #9...
    A:GLN 1217  : 2 states

  Scoring exhaustively (2 potential combinations)...

  Cluster results:
    A:GLN 1217  : No Flip

Working on cluster #10...
    A:GLN 1238  : 2 states

  Scoring exhaustively (2 potential combinations)...

  Cluster results:
    A:GLN 1238  : No Flip

Working on cluster #11...
    A:ASN 1243  : 2 states
    A:TYR 1239 : HH  : 5 states

  Scoring exhaustively (10 potential combinations)...

  Cluster results:
    A:ASN 1243  : No Flip
    A:TYR 1239 : HH  : Orientation 1/4 (pKa = 10.0)

Working on cluster #12...
    A:ASN 1254  : 2 states
    A:ASP 1249  : 3 states

  Scoring exhaustively (6 potential combinations)...

  Cluster results:
    A:ASN 1254  : No Flip
    A:ASP 1249  : Charged (pKa = 2.95)

Working on cluster #13...
    A:ASN 1335  : 2 states
    A:TYR 1278 : HH  : 5 states
    A:LYS 1294  : 20 states

  Scoring exhaustively (200 potential combinations)...

  Cluster results:
    A:ASN 1335  : No Flip
    A:TYR 1278 : HH  : Default 1 3/4 (pKa = 14.37)
    A:LYS 1294  : Orientation 2/4 (pKa = 8.46)

Working on cluster #14...
    A:GLN 1336  : 2 states
    A:ASP 1276  : 3 states
    A:CYS 1288 : HG  : 6 states

  Scoring exhaustively (36 potential combinations)...

  Cluster results:
    A:GLN 1336  : No Flip
    A:ASP 1276  : Charged (pKa = 3.72)
    A:CYS 1288 : HG  : Stagger 2 4/5 (pKa = 9.33)

Working on cluster #15...
    A:ASN 1353  : 2 states

  Scoring exhaustively (2 potential combinations)...

  Cluster results:
    A:ASN 1353  : No Flip

Working on cluster #16...
    A:GLN 1364  : 2 states

  Scoring exhaustively (2 potential combinations)...
    No valid conformations found. Trying again with less strict requirements.

  Cluster results:
    A:GLN 1364  : No Flip

Working on cluster #17...
    A:GLN 1367  : 2 states

  Scoring exhaustively (2 potential combinations)...

  Cluster results:
    A:GLN 1367  : No Flip

Working on cluster #18...
    A:GLN 1369  : 2 states
    A:HID 1368  : 6 states

  Scoring exhaustively (12 potential combinations)...

  Cluster results:
    A:GLN 1369  : No Flip
    A:HID 1368  : Flip HID (pKa = 5.73)

Working on cluster #19...
    A:ASN 1375  : 2 states

  Scoring exhaustively (2 potential combinations)...

  Cluster results:
    A:ASN 1375  : No Flip

Working on cluster #20...
    A:GLN 1388  : 2 states

  Scoring exhaustively (2 potential combinations)...

  Cluster results:
    A:GLN 1388  : No Flip

Working on cluster #21...
    A:ASN 1394  : 2 states

  Scoring exhaustively (2 potential combinations)...

  Cluster results:
    A:ASN 1394  : No Flip

Working on cluster #22...
    A:LYS 1101  : 16 states
    A:SER 1104 : HG  : 6 states

  Scoring exhaustively (96 potential combinations)...

  Cluster results:
    A:LYS 1101  : Orientation 3/3 (pKa = 10.47)
    A:SER 1104 : HG  : Orientation 2/6

Working on cluster #23...
    A:LYS 1109  : 20 states

  Scoring exhaustively (20 potential combinations)...

  Cluster results:
    A:LYS 1109  : Orientation 3/4 (pKa = 10.4)

Working on cluster #24...
    A:LYS 1150  : 16 states
    A:ASP 1270  : 3 states
    A:GLU 1167  : 3 states

  Scoring exhaustively (144 potential combinations)...

  Cluster results:
    A:LYS 1150  : Orientation 3/3 (pKa = 11.33)
    A:ASP 1270  : Charged (pKa = 2.75)
    A:GLU 1167  : Charged (pKa = 6.57)

Working on cluster #25...
    A:LYS 1173  : 28 states

  Scoring exhaustively (28 potential combinations)...

  Cluster results:
    A:LYS 1173  : Orientation 1/6 (pKa = 10.21)

Working on cluster #26...
    A:LYS 1205  : 20 states

  Scoring exhaustively (20 potential combinations)...

  Cluster results:
    A:LYS 1205  : Orientation 3/4 (pKa = 9.65)

Working on cluster #27...
    A:LYS 1267  : 20 states
    A:GLU 1197  : 3 states

  Scoring exhaustively (60 potential combinations)...

  Cluster results:
    A:LYS 1267  : Orientation 1/4 (pKa = 10.49)
    A:GLU 1197  : Charged (pKa = 3.88)

Working on cluster #28...
    A:LYS 1285  : 8 states

  Scoring exhaustively (8 potential combinations)...

  Cluster results:
    A:LYS 1285  : Stagger (pKa = 10.4)

Working on cluster #29...
    A:LYS 1309  : 24 states

  Scoring exhaustively (24 potential combinations)...

  Cluster results:
    A:LYS 1309  : Orientation 2/5 (pKa = 9.65)

Working on cluster #30...
    A:LYS 1333  : 16 states
    A:GLU 1337  : 3 states

  Scoring exhaustively (48 potential combinations)...

  Cluster results:
    A:LYS 1333  : Orientation 1/3 (pKa = 10.75)
    A:GLU 1337  : Charged (pKa = 3.93)

Working on cluster #31...
    A:LYS 1352  : 12 states

  Scoring exhaustively (12 potential combinations)...

  Cluster results:
    A:LYS 1352  : Orientation 2/2 (pKa = 10.21)

Working on cluster #32...
    A:HID 1124  : 6 states

  Scoring exhaustively (6 potential combinations)...

  Cluster results:
    A:HID 1124  : Flip HIE (pKa = 6.5)

Working on cluster #33...
    A:HID 1228  : 6 states

  Scoring exhaustively (6 potential combinations)...
    No valid conformations found. Trying again with less strict requirements.

  Cluster results:
    A:HID 1228  : HID (pKa = 5.43)

Working on cluster #34...
    A:HID 1244  : 6 states

  Scoring exhaustively (6 potential combinations)...

  Cluster results:
    A:HID 1244  : Flip HID (pKa = 6.23)

Working on cluster #35...
    A:HID 1247  : 6 states

  Scoring exhaustively (6 potential combinations)...

  Cluster results:
    A:HID 1247  : HID (pKa = 4.1)

Working on cluster #36...
    A:THR 1102 : HG1 : 4 states

  Scoring exhaustively (4 potential combinations)...

  Cluster results:
    A:THR 1102 : HG1 : Stagger 1 3/4

Working on cluster #37...
    A:SER 1103 : HG  : 8 states

  Scoring exhaustively (8 potential combinations)...

  Cluster results:
    A:SER 1103 : HG  : Orientation 1/8

Working on cluster #38...
    A:SER 1106 : HG  : 6 states

  Scoring exhaustively (6 potential combinations)...

  Cluster results:
    A:SER 1106 : HG  : Stagger 2 5/6

Working on cluster #39...
    A:TYR 1131 : HH  : 4 states
    A:GLU 1129  : 3 states

  Scoring exhaustively (12 potential combinations)...

  Cluster results:
    A:TYR 1131 : HH  : Orientation 1/3 (pKa = 11.58)
    A:GLU 1129  : Charged (pKa = 3.92)

Working on cluster #40...
    A:SER 1143 : HG  : 6 states

  Scoring exhaustively (6 potential combinations)...

  Cluster results:
    A:SER 1143 : HG  : Stagger 3 6/6

Working on cluster #41...
    A:THR 1151 : HG1 : 4 states

  Scoring exhaustively (4 potential combinations)...

  Cluster results:
    A:THR 1151 : HG1 : Stagger 3 4/4

Working on cluster #42...
    A:CYS 1156 : HG  : 9 states
    A:GLU 1161  : 3 states

  Scoring exhaustively (27 potential combinations)...

  Cluster results:
    A:CYS 1156 : HG  : Orientation 2/8 (pKa = 10.59)
    A:GLU 1161  : Charged (pKa = 3.68)

Working on cluster #43...
    A:SER 1172 : HG  : 8 states
    A:CYS 1182 : HG  : 7 states

  Scoring exhaustively (56 potential combinations)...

  Cluster results:
    A:SER 1172 : HG  : Orientation 1/8
    A:CYS 1182 : HG  : Orientation 2/6 (pKa = 10.88)

Working on cluster #44...
    A:SER 1186 : HG  : 6 states

  Scoring exhaustively (6 potential combinations)...

  Cluster results:
    A:SER 1186 : HG  : Orientation 2/6

Working on cluster #45...
    A:SER 1189 : HG  : 8 states

  Scoring exhaustively (8 potential combinations)...

  Cluster results:
    A:SER 1189 : HG  : Stagger 3 8/8

Working on cluster #46...
    A:SER 1206 : HG  : 12 states
    A:ASP 1203  : 3 states

  Scoring exhaustively (36 potential combinations)...

  Cluster results:
    A:SER 1206 : HG  : Orientation 3/12
    A:ASP 1203  : Charged (pKa = 3.67)

Working on cluster #47...
    A:THR 1211 : HG1 : 4 states

  Scoring exhaustively (4 potential combinations)...

  Cluster results:
    A:THR 1211 : HG1 : Stagger 3 4/4

Working on cluster #48...
    A:SER 1216 : HG  : 6 states

  Scoring exhaustively (6 potential combinations)...

  Cluster results:
    A:SER 1216 : HG  : Stagger 2 5/6

Working on cluster #49...
    A:SER 1219 : HG  : 5 states

  Scoring exhaustively (5 potential combinations)...

  Cluster results:
    A:SER 1219 : HG  : Stagger 1 3/5

Working on cluster #50...
    A:SER 1220 : HG  : 5 states

  Scoring exhaustively (5 potential combinations)...

  Cluster results:
    A:SER 1220 : HG  : Orientation 1/5

Working on cluster #51...
    A:CYS 1237 : HG  : 6 states

  Scoring exhaustively (6 potential combinations)...

  Cluster results:
    A:CYS 1237 : HG  : Orientation 1/5 (pKa = 14.74)

Working on cluster #52...
    A:CYS 1255 : HG  : 7 states

  Scoring exhaustively (7 potential combinations)...

  Cluster results:
    A:CYS 1255 : HG  : Orientation 1/6 (pKa = 12.78)

Working on cluster #53...
    A:THR 1258 : HG1 : 8 states

  Scoring exhaustively (8 potential combinations)...

  Cluster results:
    A:THR 1258 : HG1 : Orientation 2/8

Working on cluster #54...
    A:CYS 1259 : HG  : 6 states

  Scoring exhaustively (6 potential combinations)...

  Cluster results:
    A:CYS 1259 : HG  : Orientation 2/5 (pKa = 8.9)

Working on cluster #55...
    A:SER 1281 : HG  : 7 states

  Scoring exhaustively (7 potential combinations)...

  Cluster results:
    A:SER 1281 : HG  : Stagger 2 6/7

Working on cluster #56...
    A:TYR 1282 : HH  : 4 states

  Scoring exhaustively (4 potential combinations)...

  Cluster results:
    A:TYR 1282 : HH  : Orientation 1/3 (pKa = 10.12)

Working on cluster #57...
    A:TYR 1283 : HH  : 4 states

  Scoring exhaustively (4 potential combinations)...

  Cluster results:
    A:TYR 1283 : HH  : Orientation 1/3 (pKa = 9.7)

Working on cluster #58...
    A:THR 1307 : HG1 : 7 states

  Scoring exhaustively (7 potential combinations)...

  Cluster results:
    A:THR 1307 : HG1 : Orientation 2/7

Working on cluster #59...
    A:SER 1308 : HG  : 9 states

  Scoring exhaustively (9 potential combinations)...

  Cluster results:
    A:SER 1308 : HG  : Stagger 2 8/9

Working on cluster #60...
    A:THR 1310 : HG1 : 8 states

  Scoring exhaustively (8 potential combinations)...

  Cluster results:
    A:THR 1310 : HG1 : Stagger 3 8/8

Working on cluster #61...
    A:THR 1312 : HG1 : 5 states

  Scoring exhaustively (5 potential combinations)...

  Cluster results:
    A:THR 1312 : HG1 : Stagger 2 4/5

Working on cluster #62...
    A:SER 1314 : HG  : 11 states

  Scoring exhaustively (11 potential combinations)...

  Cluster results:
    A:SER 1314 : HG  : Orientation 3/11

Working on cluster #63...
    A:SER 1324 : HG  : 6 states

  Scoring exhaustively (6 potential combinations)...

  Cluster results:
    A:SER 1324 : HG  : Orientation 1/6

Working on cluster #64...
    A:TYR 1327 : HH  : 5 states

  Scoring exhaustively (5 potential combinations)...

  Cluster results:
    A:TYR 1327 : HH  : Default 2 4/4 (pKa = 8.95)

Working on cluster #65...
    A:TYR 1330 : HH  : 5 states

  Scoring exhaustively (5 potential combinations)...

  Cluster results:
    A:TYR 1330 : HH  : Orientation 1/4 (pKa = 12.58)

Working on cluster #66...
    A:SER 1332 : HG  : 5 states

  Scoring exhaustively (5 potential combinations)...

  Cluster results:
    A:SER 1332 : HG  : Stagger 1 3/5

Working on cluster #67...
    A:SER 1334 : HG  : 7 states

  Scoring exhaustively (7 potential combinations)...

  Cluster results:
    A:SER 1334 : HG  : Orientation 1/7

Working on cluster #68...
    A:THR 1343 : HG1 : 6 states

  Scoring exhaustively (6 potential combinations)...

  Cluster results:
    A:THR 1343 : HG1 : Orientation 1/6

Working on cluster #69...
    A:SER 1344 : HG  : 7 states

  Scoring exhaustively (7 potential combinations)...

  Cluster results:
    A:SER 1344 : HG  : Orientation 2/7

Working on cluster #70...
    A:CYS 1354 : HG  : 5 states

  Scoring exhaustively (5 potential combinations)...

  Cluster results:
    A:CYS 1354 : HG  : Orientation 1/4 (pKa = 11.63)

Working on cluster #71...
    A:TYR 1359 : HH  : 4 states

  Scoring exhaustively (4 potential combinations)...

  Cluster results:
    A:TYR 1359 : HH  : Orientation 1/3 (pKa = 10.85)

Working on cluster #72...
    A:THR 1363 : HG1 : 5 states

  Scoring exhaustively (5 potential combinations)...
    No valid conformations found. Trying again with less strict requirements.

  Cluster results:
    A:THR 1363 : HG1 : Orientation 1/5

Working on cluster #73...
    A:CYS 1365 : HG  : 7 states

  Scoring exhaustively (7 potential combinations)...

  Cluster results:
    A:CYS 1365 : HG  : Stagger 2 5/6 (pKa = 12.47)

Working on cluster #74...
    A:TYR 1385 : HH  : 4 states
    A:ASP 1389  : 3 states

  Scoring exhaustively (12 potential combinations)...

  Cluster results:
    A:TYR 1385 : HH  : Orientation 1/3 (pKa = 10.31)
    A:ASP 1389  : Charged (pKa = 3.63)

Working on cluster #75...
    A:CYS 1386 : HG  : 7 states

  Scoring exhaustively (7 potential combinations)...

  Cluster results:
    A:CYS 1386 : HG  : Stagger 3 6/6 (pKa = 11.08)

Working on cluster #76...
    A:THR 1387 : HG1 : 6 states

  Scoring exhaustively (6 potential combinations)...

  Cluster results:
    A:THR 1387 : HG1 : Orientation 2/6

Working on cluster #77...
    A:THR 1395 : HG1 : 8 states

  Scoring exhaustively (8 potential combinations)...

  Cluster results:
    A:THR 1395 : HG1 : Stagger 2 7/8

Working on cluster #78...
    A:TYR 1401 : HH  : 4 states

  Scoring exhaustively (4 potential combinations)...

  Cluster results:
    A:TYR 1401 : HH  : Orientation 1/3 (pKa = 10.02)

Working on cluster #79...
    A:ASP 1107  : 3 states

  Scoring exhaustively (3 potential combinations)...

  Cluster results:
    A:ASP 1107  : Charged (pKa = 3.16)

Working on cluster #80...
    A:GLU 1154  : 3 states

  Scoring exhaustively (3 potential combinations)...

  Cluster results:
    A:GLU 1154  : Charged (pKa = 4.74)

Working on cluster #81...
    A:GLU 1158  : 3 states

  Scoring exhaustively (3 potential combinations)...

  Cluster results:
    A:GLU 1158  : Charged (pKa = 4.58)

Working on cluster #82...
    A:GLU 1210  : 3 states

  Scoring exhaustively (3 potential combinations)...

  Cluster results:
    A:GLU 1210  : Charged (pKa = 4.98)

Working on cluster #83...
    A:ASP 1225  : 3 states

  Scoring exhaustively (3 potential combinations)...

  Cluster results:
    A:ASP 1225  : Charged (pKa = 3.16)

Working on cluster #84...
    A:GLU 1241  : 3 states

  Scoring exhaustively (3 potential combinations)...

  Cluster results:
    A:GLU 1241  : Charged (pKa = 5.6)

Working on cluster #85...
    A:GLU 1242  : 3 states

  Scoring exhaustively (3 potential combinations)...

  Cluster results:
    A:GLU 1242  : Charged (pKa = 4.8)

Working on cluster #86...
    A:GLU 1299  : 3 states

  Scoring exhaustively (3 potential combinations)...

  Cluster results:
    A:GLU 1299  : Charged (pKa = 4.66)

Working on cluster #87...
    A:GLU 1303  : 3 states

  Scoring exhaustively (3 potential combinations)...

  Cluster results:
    A:GLU 1303  : Charged (pKa = 4.68)

Working on cluster #88...
    A:ASP 1311  : 3 states

  Scoring exhaustively (3 potential combinations)...

  Cluster results:
    A:ASP 1311  : Charged (pKa = 6.93)

Working on cluster #89...
    A:GLU 1321  : 3 states

  Scoring exhaustively (3 potential combinations)...

  Cluster results:
    A:GLU 1321  : Charged (pKa = 6.29)

Working on cluster #90...
    A:GLU 1340  : 3 states

  Scoring exhaustively (3 potential combinations)...

  Cluster results:
    A:GLU 1340  : Charged (pKa = 3.08)

Working on cluster #91...
    A:ASP 1349  : 3 states

  Scoring exhaustively (3 potential combinations)...

  Cluster results:
    A:ASP 1349  : Charged (pKa = 4.04)

Working on cluster #92...
    A:GLU 1371  : 3 states

  Scoring exhaustively (3 potential combinations)...

  Cluster results:
    A:GLU 1371  : Charged (pKa = 4.17)

Working on cluster #93...
    A:ASP 1372  : 3 states

  Scoring exhaustively (3 potential combinations)...

  Cluster results:
    A:ASP 1372  : Charged (pKa = 3.31)

Working on cluster #94...
    A:GLU 1381  : 3 states

  Scoring exhaustively (3 potential combinations)...

  Cluster results:
    A:GLU 1381  : Charged (pKa = 4.69)

Working on cluster #95...
    A:GLU 1384  : 3 states

  Scoring exhaustively (3 potential combinations)...

  Cluster results:
    A:GLU 1384  : Charged (pKa = 5.0)

Working on cluster #96...
    A:ASP 1391  : 3 states

  Scoring exhaustively (3 potential combinations)...

  Cluster results:
    A:ASP 1391  : Charged (pKa = 4.18)

Working on cluster #97...
    A:GLU 1400  : 3 states

  Scoring exhaustively (3 potential combinations)...

  Cluster results:
    A:GLU 1400  : Charged (pKa = 3.43)


Recalculating pKas to identify changes in protonation penalties...
  Running PropKa to get pKas
    No changes in protonation penalties found.

Minimizing hydrogens...

Total score for structure: -296.852266316

Final pKas:
  A:LYS 1101  : 10.47
  A:LYS 1109  : 10.40
  A:LYS 1114  : 10.17
  A:LYS 1150  : 11.33
  A:LYS 1173  : 10.21
  A:LYS 1205  : 9.65
  A:LYS 1267  : 10.49
  A:LYS 1285  : 10.40
  A:LYS 1294  : 8.46
  A:LYS 1309  : 9.65
  A:LYS 1333  : 10.75
  A:LYS 1352  : 10.21
  A:HID 1124  : 6.50
  A:HID 1176  : 4.75
  A:HID 1228  : 5.43
  A:HID 1244  : 6.23
  A:HID 1247  : 4.09
  A:HID 1368  : 5.82
  A:TYR 1131 : HH  : 11.58
  A:CYS 1156 : HG  : 10.59
  A:CYS 1182 : HG  : 10.88
  A:CYS 1235 : HG  : 10.55
  A:CYS 1237 : HG  : 14.74
  A:TYR 1239 : HH  : 10.00
  A:CYS 1255 : HG  : 12.78
  A:CYS 1259 : HG  : 8.90
  A:TYR 1278 : HH  : 14.37
  A:TYR 1282 : HH  : 10.12
  A:TYR 1283 : HH  : 9.70
  A:CYS 1288 : HG  : 9.33
  A:TYR 1327 : HH  : 8.95
  A:TYR 1330 : HH  : 12.58
  A:CYS 1354 : HG  : 11.63
  A:TYR 1359 : HH  : 10.85
  A:CYS 1365 : HG  : 12.47
  A:TYR 1385 : HH  : 10.31
  A:CYS 1386 : HG  : 11.08
  A:TYR 1401 : HH  : 10.02
  A:ASP 1107  : 3.16
  A:GLU 1110  : 3.26
  A:GLU 1129  : 3.92
  A:GLU 1132  : 2.32
  A:ASP 1141  : 3.37
  A:GLU 1154  : 4.74
  A:GLU 1158  : 4.58
  A:ASP 1160  : 2.65
  A:GLU 1161  : 3.68
  A:ASP 1163  : 3.63
  A:GLU 1167  : 6.57
  A:GLU 1197  : 3.88
  A:ASP 1203  : 3.67
  A:GLU 1210  : 4.98
  A:ASP 1225  : 3.16
  A:ASP 1232  : 5.41
  A:GLU 1241  : 5.60
  A:GLU 1242  : 4.70
  A:ASP 1249  : 2.95
  A:ASP 1270  : 2.75
  A:ASP 1276  : 3.72
  A:GLU 1299  : 4.66
  A:GLU 1303  : 4.68
  A:ASP 1311  : 6.93
  A:GLU 1321  : 6.29
  A:GLU 1337  : 3.93
  A:GLU 1340  : 3.08
  A:ASP 1349  : 4.04
  A:GLU 1371  : 4.17
  A:ASP 1372  : 3.31
  A:GLU 1381  : 4.69
  A:GLU 1384  : 5.00
  A:ASP 1389  : 3.63
  A:ASP 1391  : 4.18
  A:GLU 1400  : 3.43
Structure extracted from file: 2YJR-protassign.mae
Output structure will be written to: 2YJR-protassign-out.mae

Complete. Output file: 2YJR-protassign-out.mae
