
** Heavy-atom coordinates will be fixed: maxlevel set to 0
  **
  ** Beginning refinement level 0
  **

%IMPACT-I (openwt): Request to open FORMATTED file 2YJR-impref_ref0.out on unit   2
 Entering IMPACT execution environment 
 Date: Tuesday, October 17 2017, at 12:53:15 EDT
 Impact version 76016
 mmshare version        39016
 Copyright (c) Schrodinger, LLC.
 All Rights Reserved.

 Host: Darwin lski1985 14.5.0 Darwin Kernel Version 14.5.0: Sun Jun  4 21:40:08 PDT 2017; root:xnu-2782.70.3~1/RELEASE_X86_64 x86_64
 Job Name: 2YJR-impref_ref0
 SCHRODINGER  directory: /opt/schrodinger/suites2017-3
 IMPACT_EXEC  directory: /opt/schrodinger/suites2017-3/impact-v7.6/bin/Darwin-x86_64
 MMSHARE_EXEC directory: /opt/schrodinger/suites2017-3/mmshare-v3.9/bin/Darwin-x86_64

 Clock-based global random seed:     1508259195
%IMPACT-I(foldmain): calling OPLS3 atomtyping ...
%IMPACT-I(foldmain): finished parameter assignment
 PARM read from file "paramstd.dat"
 Parameter obtained from atomtyping
      Current coord. are written to file: "2YJR-impref.init_coord.rst"
      Box dimensions not written


 Total number of atoms  =  5395
 
 Neighbor List Cutoff Settings
 ==================================
 Cutoff radius:   10.0000000000000     
 Update frequency: every           10  steps
 Species   1 : Neighbors are calculated on a per residue basis
 Species   1 : Cutoff by inter-atomic distances
 
 Step number:          0         Non-bonded count:  1270309
 E-pot        RMS grad     Max grad    
 -1.79733E+04  6.11757E+00  3.31445E+02
 Step number:         10         Non-bonded count:  1270309
 -1.81869E+04  6.20792E-01  1.95722E+01
 Step number:         20         Non-bonded count:  1270309
 -1.82117E+04  3.68574E-01  7.43287E+00
 Step number:         30         Non-bonded count:  1270309
 -1.82243E+04  3.53727E-01  1.19402E+01
 Step number:         40         Non-bonded count:  1270309
 -1.82322E+04  1.82111E-01  4.22259E+00
 Step number:         50         Non-bonded count:  1270309
 -1.82365E+04  1.43717E-01  3.64393E+00
 Step number:         60         Non-bonded count:  1270309
 -1.82403E+04  1.06574E-01  2.41868E+00
 Step number:         70         Non-bonded count:  1270309
 -1.82427E+04  1.24975E-01  3.02211E+00
 Step number:         80         Non-bonded count:  1270309
 -1.82441E+04  1.32595E-01  1.98451E+00
 Step number:         90         Non-bonded count:  1270309
 -1.82450E+04  1.09153E-01  2.65951E+00
 Step number:        100         Non-bonded count:  1270309
 E-pot        RMS grad     Max grad    
 -1.82456E+04  7.49645E-02  1.50702E+00
 Step number:        100         Non-bonded count:  1270309
 -1.82456E+04  7.49645E-02  1.50702E+00
      Current coord. are written to file: "2YJR-impref.min0_coord.rst"
      Box dimensions not written
      Current coordinates are read from file: "2YJR-impref.init_coord.rst"
      Box dimensions not read
          read from "2YJR-impref.init_coord.rst"
  
 Energy and Force Generation Info: 
 --------------------------------- 
 Number of E&F called:     269
 PARM read from file "paramstd.dat"
 Parameter obtained from atomtyping
      Current coordinates are read from file: "2YJR-impref.min0_coord.rst"
      Box dimensions not read
          read from "2YJR-impref.min0_coord.rst"


 Total number of atoms  =  5395
 
 Neighbor List Cutoff Settings
 ==================================
 Cutoff radius:   10.0000000000000     
 Update frequency: every           10  steps
 Species   1 : Neighbors are calculated on a per residue basis
 Species   1 : Cutoff by inter-atomic distances
 
 Step number:          0         Non-bonded count:  1270309
 E-pot        RMS grad     Max grad    
 -1.74838E+04  2.30965E+00  2.64287E+01
 Step number:         10         Non-bonded count:  1270309
 -1.80249E+04  1.15215E+00  1.74071E+01
 Step number:         20         Non-bonded count:  1270309
 -1.80784E+04  5.34873E-01  1.51747E+01
 Step number:         30         Non-bonded count:  1270309
 -1.80924E+04  3.51336E-01  9.28380E+00
 Step number:         40         Non-bonded count:  1270309
 -1.80985E+04  2.31887E-01  5.40852E+00
 Step number:         50         Non-bonded count:  1270309
 -1.81006E+04  1.40740E-01  2.87485E+00
 Step number:         60         Non-bonded count:  1270309
 -1.81025E+04  1.16134E-01  1.87123E+00
 Step number:         70         Non-bonded count:  1270309
 -1.81036E+04  1.12583E-01  3.18919E+00
 Step number:         80         Non-bonded count:  1270309
 -1.81046E+04  8.87000E-02  1.78908E+00
 Step number:         90         Non-bonded count:  1270309
 -1.81053E+04  7.18062E-02  1.73164E+00
 Step number:        100         Non-bonded count:  1270309
 -1.81058E+04  5.97350E-02  1.66349E+00
 Step number:        100         Non-bonded count:  1270309
 -1.81058E+04  5.97350E-02  1.66349E+00
  
 Energy and Force Generation Info: 
 --------------------------------- 
 Number of E&F called:     551


Final Energy Reports:
------------------------------------
 Total Energy of the system...... -1.81058E+04 kcal/mol
 Total Potential Energy.......... -1.81058E+04 kcal/mol
 Total Kinetic Energy............  0.00000E+00 kcal/mol
 Temperature of the system.......        0.000 K
 Bond Stretch Energy.............  1.09913E+01 kcal/mol
 Angle Bending Energy............  2.57098E+02 kcal/mol
 Torsion Angle Energy............  1.64219E+01 kcal/mol
 Restraining Energy for Torsions.  0.00000E+00 kcal/mol
 1,4 Lennard Jones Energy........  3.44500E+02 kcal/mol
 1,4 Electrostatic Energy........ -3.81545E+02 kcal/mol
 Lennard Jones Energy............ -8.65671E+02 kcal/mol
 Electrostatic Energy............ -1.74876E+04 kcal/mol
 H-bond Energy...................  0.00000E+00 kcal/mol
 
 Exiting IMPACT execution environment 
 Date: Tuesday, October 17 2017, at 12:53:41 EDT
%IMPACT-I (timit): Total CPU time =      25.52 seconds (   0.4 minutes)
Total elapsed time = 28 seconds
  ** Completed refinement level 0      rmsd =  0.021

** Refinement finished. Final level: 0

** The refined complex file is 2YJR-impref_ref.mae.
