
** Heavy-atom coordinates will be fixed: maxlevel set to 0
  **
  ** Beginning refinement level 0
  **

%IMPACT-I (openwt): Request to open FORMATTED file 4fnx-impref_ref0.out on unit   2
 Entering IMPACT execution environment 
 Date: Tuesday, October 17 2017, at 13:22:46 EDT
 Impact version 76016
 mmshare version        39016
 Copyright (c) Schrodinger, LLC.
 All Rights Reserved.

 Host: Darwin lski1985 14.5.0 Darwin Kernel Version 14.5.0: Sun Jun  4 21:40:08 PDT 2017; root:xnu-2782.70.3~1/RELEASE_X86_64 x86_64
 Job Name: 4fnx-impref_ref0
 SCHRODINGER  directory: /opt/schrodinger/suites2017-3
 IMPACT_EXEC  directory: /opt/schrodinger/suites2017-3/impact-v7.6/bin/Darwin-x86_64
 MMSHARE_EXEC directory: /opt/schrodinger/suites2017-3/mmshare-v3.9/bin/Darwin-x86_64

 Clock-based global random seed:     1508260966
%IMPACT-I(foldmain): calling OPLS3 atomtyping ...
%IMPACT-I(foldmain): finished parameter assignment
 PARM read from file "paramstd.dat"
 Parameter obtained from atomtyping
      Current coord. are written to file: "4fnx-impref.init_coord.rst"
      Box dimensions not written


 Total number of atoms  =  5840
 
 Neighbor List Cutoff Settings
 ==================================
 Cutoff radius:   10.0000000000000     
 Update frequency: every           10  steps
 Species   1 : Neighbors are calculated on a per residue basis
 Species   1 : Cutoff by inter-atomic distances
 
 Step number:          0         Non-bonded count:  1382273
 E-pot        RMS grad     Max grad    
 -1.40833E+04  5.28596E+01  3.05131E+02
 Step number:         10         Non-bonded count:  1382273
 -2.09349E+04  1.86115E+00  1.59799E+01
 Step number:         20         Non-bonded count:  1382273
 -2.12372E+04  1.54675E+00  3.66495E+01
 Step number:         30         Non-bonded count:  1382273
 -2.14411E+04  1.61703E+00  5.49445E+01
 Step number:         40         Non-bonded count:  1382273
 -2.15500E+04  1.25812E+00  3.45707E+01
 Step number:         50         Non-bonded count:  1382273
 -2.16508E+04  1.34087E+00  4.06871E+01
 Step number:         60         Non-bonded count:  1382273
 -2.17292E+04  7.10877E-01  2.07777E+01
 Step number:         70         Non-bonded count:  1382273
 -2.17834E+04  6.56913E-01  1.22019E+01
 Step number:         80         Non-bonded count:  1382273
 -2.18169E+04  6.03033E-01  1.23112E+01
 Step number:         90         Non-bonded count:  1382273
 -2.18356E+04  4.58984E-01  1.05745E+01
 Step number:        100         Non-bonded count:  1382273
 -2.18511E+04  4.59862E-01  1.11425E+01
 Step number:        100         Non-bonded count:  1382273
 -2.18511E+04  4.59862E-01  1.11425E+01
      Current coord. are written to file: "4fnx-impref.min0_coord.rst"
      Box dimensions not written
      Current coordinates are read from file: "4fnx-impref.init_coord.rst"
      Box dimensions not read
          read from "4fnx-impref.init_coord.rst"
  
 Energy and Force Generation Info: 
 --------------------------------- 
 Number of E&F called:     329
 PARM read from file "paramstd.dat"
 Parameter obtained from atomtyping
      Current coordinates are read from file: "4fnx-impref.min0_coord.rst"
      Box dimensions not read
          read from "4fnx-impref.min0_coord.rst"


 Total number of atoms  =  5840
 
 Neighbor List Cutoff Settings
 ==================================
 Cutoff radius:   10.0000000000000     
 Update frequency: every           10  steps
 Species   1 : Neighbors are calculated on a per residue basis
 Species   1 : Cutoff by inter-atomic distances
 
 Step number:          0         Non-bonded count:  1382273
 E-pot        RMS grad     Max grad    
 -2.09380E+04  2.32920E+00  2.32635E+01
 Step number:         10         Non-bonded count:  1382273
 -2.15541E+04  1.11864E+00  2.75297E+01
 Step number:         20         Non-bonded count:  1382273
 -2.16255E+04  4.50294E-01  9.90891E+00
 Step number:         30         Non-bonded count:  1382273
 -2.16519E+04  6.32306E-01  2.32897E+01
 Step number:         40         Non-bonded count:  1382273
 -2.16707E+04  4.37343E-01  1.48611E+01
 Step number:         50         Non-bonded count:  1382273
 -2.16854E+04  4.98515E-01  1.54925E+01
 Step number:         60         Non-bonded count:  1382273
 -2.16962E+04  3.22555E-01  8.09299E+00
 Step number:         70         Non-bonded count:  1382273
 -2.17026E+04  2.85630E-01  8.18261E+00
 Step number:         80         Non-bonded count:  1382273
 -2.17076E+04  2.90137E-01  9.84836E+00
 Step number:         90         Non-bonded count:  1382273
 -2.17109E+04  1.89107E-01  6.38281E+00
 Step number:        100         Non-bonded count:  1382273
 -2.17147E+04  2.24387E-01  8.39970E+00
 Step number:        100         Non-bonded count:  1382273
 -2.17147E+04  2.24387E-01  8.39970E+00
  
 Energy and Force Generation Info: 
 --------------------------------- 
 Number of E&F called:     602


Final Energy Reports:
------------------------------------
 Total Energy of the system...... -2.17147E+04 kcal/mol
 Total Potential Energy.......... -2.17147E+04 kcal/mol
 Total Kinetic Energy............  0.00000E+00 kcal/mol
 Temperature of the system.......        0.000 K
 Bond Stretch Energy.............  1.15181E+01 kcal/mol
 Angle Bending Energy............  2.30241E+02 kcal/mol
 Torsion Angle Energy............  6.61937E+01 kcal/mol
 Restraining Energy for Torsions.  0.00000E+00 kcal/mol
 1,4 Lennard Jones Energy........  4.28140E+02 kcal/mol
 1,4 Electrostatic Energy........ -3.65167E+02 kcal/mol
 Lennard Jones Energy............ -7.75203E+02 kcal/mol
 Electrostatic Energy............ -2.13104E+04 kcal/mol
 H-bond Energy...................  0.00000E+00 kcal/mol
 
 Exiting IMPACT execution environment 
 Date: Tuesday, October 17 2017, at 13:23:14 EDT
%IMPACT-I (timit): Total CPU time =      27.08 seconds (   0.5 minutes)
Total elapsed time = 29 seconds
  ** Completed refinement level 0      rmsd =  0.022

** Refinement finished. Final level: 0

** The refined complex file is 4fnx-impref_ref.mae.
