
Working on structure 1
Fixing common structure mistakes...
  No mistakes were found
Pre-treating metals...
Done treating metals
Assigning bond orders...
  Using CCD: True
  No bond orders were changed
Removing and re-adding hydrogens...
Treating metals...
Creating di-sulfur bonds...
Converting Selenomethionines...
Filling missing loops using Prime...
Attempting to build missing loops with Knowledge-Based Methods
    A: 1122 -- A: 1129   GHGAFG
    A: 1136 -- A: 1142   GMPND
    A: 1278 -- A: 1288   RASYYRKGG
Generating models for each loop... 
Total number of loops: 3
Working on loop 0 - A:1122,A:1129,GHGAFG
Number of returned models for loop 0 : 2
Working on loop 1 - A:1136,A:1142,GMPND
Number of returned models for loop 1 : 2
Working on loop 2 - A:1278,A:1288,RASYYRKGG
Number of returned models for loop 2 : 1
Combining models from all loops... 
Combination index: [0, 0, 0]
Side chain optimizing...
Minimizing...
Accept model # 0
Detecting missing residue atoms...
Finding het groups...
Coloring atoms by element (green carbons in hets)...
Finding het groups (for Epik)...
Processing 1 het groups...
  Using Epik with pH: 7.4
        and pH Range: 0.0
  Max states per het: 32
Running Epik on 1 het groups...
  Waiting for epik...
  Het A:GOL (1501): keeping all 1 state(s):
    State penalty: -0.00 kcal/mol; H-Bond count: 2.
Running ProtAssign...
  Uses -minimize option in ProtAssign
  Using PROPKA with pH: 7.4
  RUNNING: /opt/schrodinger/suites2017-3/utilities/protassign 4fnx-protassign.mae 4fnx-protassign-out.mae -NOJOBID -nowater -minimize -propka_pH 7.4
Optimize H-bond job completed.
Running restrained minimization...
  RMSD: 0.3
  Force field: 3
  hydrogens only
done with preparation
Writing to file...
DONE. Output file: /Users/albaness/pdbs/apo/ALK/4fnx-fixed-prepped.pdb
