  Running PropKa to get pKas

Clusters to optimize:
    Cluster 1:
        A:ASN 1095 
        A:SER 1106 : HG 
        A:SER 1104 : HG 
    Cluster 2:
        A:ASN 1115 
    Cluster 3:
        A:GLN 1134 
        A:THR 1117 : HG1
    Cluster 4:
        A:ASN 1140 
        A:LYS 1114 
    Cluster 5:
        A:GLN 1146 
    Cluster 6:
        A:GLN 1159 
        A:ASP 1163 
    Cluster 7:
        A:ASN 1175 
    Cluster 8:
        A:GLN 1177 
        A:ASP 1232 
        A:HID 1176 
        A:ASN 1178 
    Cluster 9:
        A:GLN 1188 
    Cluster 10:
        A:GLN 1217 
        A:SER 1220 : HG 
    Cluster 11:
        A:GLN 1238 
    Cluster 12:
        A:ASN 1243 
    Cluster 13:
        A:ASN 1254 
        A:ASP 1270 
        A:ASP 1249 
        A:GLU 1167 
        A:LYS 1150 
    Cluster 14:
        A:ASN 1335 
    Cluster 15:
        A:GLN 1336 
        A:GLU 1340 
    Cluster 16:
        A:ASN 1353 
        A:LYS 1352 
    Cluster 17:
        A:GLN 1364 
    Cluster 18:
        A:GLN 1367 
        A:ASP 1372 
    Cluster 19:
        A:GLN 1369 
        A:GLU 1371 
        A:HID 1368 
    Cluster 20:
        A:ASN 1375 
    Cluster 21:
        A:GLN 1388 
        A:GLU 1384 
    Cluster 22:
        A:ASN 1394 
    Cluster 23:
        A:LYS 1101 
    Cluster 24:
        A:LYS 1109 
    Cluster 25:
        A:LYS 1173 
        A:ASP 1107 
        A:SER 1103 : HG 
    Cluster 26:
        A:LYS 1205 
    Cluster 27:
        A:LYS 1267 
        A:GLU 1197 
    Cluster 28:
        A:LYS 1285 
    Cluster 29:
        A:LYS 1294 
    Cluster 30:
        A:LYS 1309 
    Cluster 31:
        A:LYS 1333 
    Cluster 32:
        A:HID 1124 
        A:GLU 1129 
        A:TYR 1131 : HH 
    Cluster 33:
        A:HID 1228 
    Cluster 34:
        A:HID 1244 
    Cluster 35:
        A:HID 1247 
    Cluster 36:
        A:TYR 1096 : HH 
    Cluster 37:
        A:CYS 1097 : HG 
        A:THR 1102 : HG1
    Cluster 38:
        A:SER 1136 : HG 
    Cluster 39:
        A:SER 1143 : HG 
    Cluster 40:
        A:THR 1151 : HG1
    Cluster 41:
        A:TYR 1156 : HH 
    Cluster 42:
        A:SER 1157 : HG 
    Cluster 43:
        A:SER 1172 : HG 
    Cluster 44:
        A:CYS 1182 : HG 
    Cluster 45:
        A:SER 1186 : HG 
    Cluster 46:
        A:SER 1189 : HG 
    Cluster 47:
        A:SER 1206 : HG 
        A:ASP 1203 
    Cluster 48:
        A:THR 1211 : HG1
    Cluster 49:
        A:SER 1216 : HG 
    Cluster 50:
        A:SER 1219 : HG 
    Cluster 51:
        A:CYS 1235 : HG 
    Cluster 52:
        A:CYS 1237 : HG 
    Cluster 53:
        A:TYR 1239 : HH 
    Cluster 54:
        A:CYS 1255 : HG 
    Cluster 55:
        A:THR 1258 : HG1
    Cluster 56:
        A:CYS 1259 : HG 
    Cluster 57:
        A:TYR 1278 : HH 
    Cluster 58:
        A:SER 1281 : HG 
        A:GLU 1158 
    Cluster 59:
        A:TYR 1282 : HH 
    Cluster 60:
        A:TYR 1283 : HH 
    Cluster 61:
        A:CYS 1288 : HG 
    Cluster 62:
        A:THR 1307 : HG1
    Cluster 63:
        A:SER 1308 : HG 
    Cluster 64:
        A:THR 1310 : HG1
    Cluster 65:
        A:THR 1312 : HG1
    Cluster 66:
        A:SER 1314 : HG 
    Cluster 67:
        A:SER 1324 : HG 
    Cluster 68:
        A:TYR 1327 : HH 
    Cluster 69:
        A:TYR 1330 : HH 
    Cluster 70:
        A:SER 1332 : HG 
    Cluster 71:
        A:SER 1334 : HG 
        A:GLU 1337 
    Cluster 72:
        A:THR 1343 : HG1
    Cluster 73:
        A:SER 1344 : HG 
    Cluster 74:
        A:CYS 1354 : HG 
    Cluster 75:
        A:TYR 1359 : HH 
    Cluster 76:
        A:THR 1363 : HG1
    Cluster 77:
        A:CYS 1365 : HG 
    Cluster 78:
        A:TYR 1385 : HH 
    Cluster 79:
        A:CYS 1386 : HG 
    Cluster 80:
        A:THR 1387 : HG1
    Cluster 81:
        A:THR 1395 : HG1
    Cluster 82:
        A:TYR 1401 : HH 
    Cluster 83:
        A:GLU 1110 
    Cluster 84:
        A:GLU 1132 
    Cluster 85:
        A:ASP 1141 
    Cluster 86:
        A:GLU 1154 
    Cluster 87:
        A:ASP 1160 
    Cluster 88:
        A:GLU 1161 
    Cluster 89:
        A:GLU 1210 
    Cluster 90:
        A:ASP 1225 
    Cluster 91:
        A:GLU 1241 
    Cluster 92:
        A:GLU 1242 
    Cluster 93:
        A:ASP 1276 
    Cluster 94:
        A:GLU 1299 
    Cluster 95:
        A:GLU 1303 
    Cluster 96:
        A:ASP 1311 
    Cluster 97:
        A:GLU 1321 
    Cluster 98:
        A:ASP 1349 
    Cluster 99:
        A:GLU 1381 
    Cluster 100:
        A:ASP 1389 
    Cluster 101:
        A:ASP 1391 
    Cluster 102:
        A:GLU 1400 

Working on cluster #1...
    A:ASN 1095  : 2 states
    A:SER 1106 : HG  : 8 states
    A:SER 1104 : HG  : 11 states

  Scoring exhaustively (176 potential combinations)...

  Cluster results:
    A:ASN 1095  : Flip
    A:SER 1106 : HG  : Stagger 2 7/8
    A:SER 1104 : HG  : Orientation 5/11

Working on cluster #2...
    A:ASN 1115  : 2 states

  Scoring exhaustively (2 potential combinations)...

  Cluster results:
    A:ASN 1115  : No Flip

Working on cluster #3...
    A:GLN 1134  : 2 states
    A:THR 1117 : HG1 : 9 states

  Scoring exhaustively (18 potential combinations)...

  Cluster results:
    A:GLN 1134  : No Flip
    A:THR 1117 : HG1 : Orientation 1/9

Working on cluster #4...
    A:ASN 1140  : 2 states
    A:LYS 1114  : 12 states

  Scoring exhaustively (24 potential combinations)...

  Cluster results:
    A:ASN 1140  : No Flip
    A:LYS 1114  : Orientation 1/2 (pKa = 10.24)

Working on cluster #5...
    A:GLN 1146  : 2 states

  Scoring exhaustively (2 potential combinations)...

  Cluster results:
    A:GLN 1146  : No Flip

Working on cluster #6...
    A:GLN 1159  : 2 states
    A:ASP 1163  : 3 states

  Scoring exhaustively (6 potential combinations)...

  Cluster results:
    A:GLN 1159  : No Flip
    A:ASP 1163  : Charged (pKa = 5.39)

Working on cluster #7...
    A:ASN 1175  : 2 states

  Scoring exhaustively (2 potential combinations)...

  Cluster results:
    A:ASN 1175  : No Flip

Working on cluster #8...
    A:GLN 1177  : 2 states
    A:ASP 1232  : 3 states
    A:HID 1176  : 6 states
    A:ASN 1178  : 2 states

  Scoring exhaustively (72 potential combinations)...

  Cluster results:
    A:GLN 1177  : No Flip
    A:ASP 1232  : Charged (pKa = 3.99)
    A:HID 1176  : HID (pKa = 4.88)
    A:ASN 1178  : No Flip

Working on cluster #9...
    A:GLN 1188  : 2 states

  Scoring exhaustively (2 potential combinations)...

  Cluster results:
    A:GLN 1188  : No Flip

Working on cluster #10...
    A:GLN 1217  : 2 states
    A:SER 1220 : HG  : 11 states

  Scoring exhaustively (22 potential combinations)...

  Cluster results:
    A:GLN 1217  : No Flip
    A:SER 1220 : HG  : Orientation 6/11

Working on cluster #11...
    A:GLN 1238  : 2 states

  Scoring exhaustively (2 potential combinations)...

  Cluster results:
    A:GLN 1238  : No Flip

Working on cluster #12...
    A:ASN 1243  : 2 states

  Scoring exhaustively (2 potential combinations)...

  Cluster results:
    A:ASN 1243  : No Flip

Working on cluster #13...
    A:ASN 1254  : 2 states
    A:ASP 1270  : 3 states
    A:ASP 1249  : 3 states
    A:GLU 1167  : 3 states
    A:LYS 1150  : 24 states

  Scoring exhaustively (1296 potential combinations)...
    No valid conformations found. Trying again with less strict requirements.

  Cluster results:
    A:ASN 1254  : No Flip
    A:ASP 1270  : Charged (pKa = 4.76)
    A:ASP 1249  : Charged (pKa = 3.59)
    A:GLU 1167  : Charged (pKa = 2.0)
    A:LYS 1150  : Orientation 2/5 (pKa = 11.83)

Working on cluster #14...
    A:ASN 1335  : 2 states

  Scoring exhaustively (2 potential combinations)...

  Cluster results:
    A:ASN 1335  : No Flip

Working on cluster #15...
    A:GLN 1336  : 2 states
    A:GLU 1340  : 3 states

  Scoring exhaustively (6 potential combinations)...

  Cluster results:
    A:GLN 1336  : No Flip
    A:GLU 1340  : Charged (pKa = 4.06)

Working on cluster #16...
    A:ASN 1353  : 2 states
    A:LYS 1352  : 28 states

  Scoring exhaustively (56 potential combinations)...

  Cluster results:
    A:ASN 1353  : No Flip
    A:LYS 1352  : Orientation 5/6 (pKa = 10.18)

Working on cluster #17...
    A:GLN 1364  : 2 states

  Scoring exhaustively (2 potential combinations)...

  Cluster results:
    A:GLN 1364  : No Flip

Working on cluster #18...
    A:GLN 1367  : 2 states
    A:ASP 1372  : 3 states

  Scoring exhaustively (6 potential combinations)...

  Cluster results:
    A:GLN 1367  : No Flip
    A:ASP 1372  : Charged (pKa = 4.31)

Working on cluster #19...
    A:GLN 1369  : 2 states
    A:GLU 1371  : 3 states
    A:HID 1368  : 6 states

  Scoring exhaustively (36 potential combinations)...

  Cluster results:
    A:GLN 1369  : No Flip
    A:GLU 1371  : Charged (pKa = 3.14)
    A:HID 1368  : HID (pKa = 6.98)

Working on cluster #20...
    A:ASN 1375  : 2 states

  Scoring exhaustively (2 potential combinations)...

  Cluster results:
    A:ASN 1375  : No Flip

Working on cluster #21...
    A:GLN 1388  : 2 states
    A:GLU 1384  : 3 states

  Scoring exhaustively (6 potential combinations)...

  Cluster results:
    A:GLN 1388  : No Flip
    A:GLU 1384  : Charged (pKa = 4.17)

Working on cluster #22...
    A:ASN 1394  : 2 states

  Scoring exhaustively (2 potential combinations)...

  Cluster results:
    A:ASN 1394  : No Flip

Working on cluster #23...
    A:LYS 1101  : 16 states

  Scoring exhaustively (16 potential combinations)...

  Cluster results:
    A:LYS 1101  : Orientation 1/3 (pKa = 10.49)

Working on cluster #24...
    A:LYS 1109  : 12 states

  Scoring exhaustively (12 potential combinations)...

  Cluster results:
    A:LYS 1109  : Stagger (pKa = 10.3)

Working on cluster #25...
    A:LYS 1173  : 12 states
    A:ASP 1107  : 3 states
    A:SER 1103 : HG  : 8 states

  Scoring exhaustively (288 potential combinations)...

  Cluster results:
    A:LYS 1173  : Orientation 2/2 (pKa = 9.78)
    A:ASP 1107  : Charged (pKa = 2.35)
    A:SER 1103 : HG  : Stagger 3 8/8

Working on cluster #26...
    A:LYS 1205  : 20 states

  Scoring exhaustively (20 potential combinations)...

  Cluster results:
    A:LYS 1205  : Orientation 4/4 (pKa = 9.5)

Working on cluster #27...
    A:LYS 1267  : 24 states
    A:GLU 1197  : 3 states

  Scoring exhaustively (72 potential combinations)...

  Cluster results:
    A:LYS 1267  : Orientation 3/5 (pKa = 10.43)
    A:GLU 1197  : Charged (pKa = 4.01)

Working on cluster #28...
    A:LYS 1285  : 8 states

  Scoring exhaustively (8 potential combinations)...

  Cluster results:
    A:LYS 1285  : Orientation 1/1 (pKa = 10.56)

Working on cluster #29...
    A:LYS 1294  : 12 states

  Scoring exhaustively (12 potential combinations)...

  Cluster results:
    A:LYS 1294  : Orientation 1/2 (pKa = 8.96)

Working on cluster #30...
    A:LYS 1309  : 24 states

  Scoring exhaustively (24 potential combinations)...

  Cluster results:
    A:LYS 1309  : Orientation 2/5 (pKa = 9.7)

Working on cluster #31...
    A:LYS 1333  : 28 states

  Scoring exhaustively (28 potential combinations)...

  Cluster results:
    A:LYS 1333  : Orientation 5/6 (pKa = 10.32)

Working on cluster #32...
    A:HID 1124  : 6 states
    A:GLU 1129  : 3 states
    A:TYR 1131 : HH  : 5 states

  Scoring exhaustively (90 potential combinations)...

  Cluster results:
    A:HID 1124  : HIE (pKa = 6.4)
    A:GLU 1129  : Charged (pKa = 2.07)
    A:TYR 1131 : HH  : Default 2 4/4 (pKa = 11.76)

Working on cluster #33...
    A:HID 1228  : 6 states

  Scoring exhaustively (6 potential combinations)...

  Cluster results:
    A:HID 1228  : HID (pKa = 5.72)

Working on cluster #34...
    A:HID 1244  : 6 states

  Scoring exhaustively (6 potential combinations)...

  Cluster results:
    A:HID 1244  : HID (pKa = 6.32)

Working on cluster #35...
    A:HID 1247  : 6 states

  Scoring exhaustively (6 potential combinations)...

  Cluster results:
    A:HID 1247  : HID (pKa = 5.29)

Working on cluster #36...
    A:TYR 1096 : HH  : 4 states

  Scoring exhaustively (4 potential combinations)...

  Cluster results:
    A:TYR 1096 : HH  : Orientation 1/3 (pKa = 13.93)

Working on cluster #37...
    A:CYS 1097 : HG  : 6 states
    A:THR 1102 : HG1 : 5 states

  Scoring exhaustively (30 potential combinations)...

  Cluster results:
    A:CYS 1097 : HG  : Stagger 1 3/5 (pKa = 8.68)
    A:THR 1102 : HG1 : Stagger 2 4/5

Working on cluster #38...
    A:SER 1136 : HG  : 8 states

  Scoring exhaustively (8 potential combinations)...

  Cluster results:
    A:SER 1136 : HG  : Orientation 1/8

Working on cluster #39...
    A:SER 1143 : HG  : 6 states

  Scoring exhaustively (6 potential combinations)...

  Cluster results:
    A:SER 1143 : HG  : Default 3/6

Working on cluster #40...
    A:THR 1151 : HG1 : 6 states

  Scoring exhaustively (6 potential combinations)...

  Cluster results:
    A:THR 1151 : HG1 : Stagger 2 5/6

Working on cluster #41...
    A:TYR 1156 : HH  : 4 states

  Scoring exhaustively (4 potential combinations)...

  Cluster results:
    A:TYR 1156 : HH  : Orientation 1/3 (pKa = 10.52)

Working on cluster #42...
    A:SER 1157 : HG  : 6 states

  Scoring exhaustively (6 potential combinations)...

  Cluster results:
    A:SER 1157 : HG  : Stagger 2 5/6

Working on cluster #43...
    A:SER 1172 : HG  : 7 states

  Scoring exhaustively (7 potential combinations)...

  Cluster results:
    A:SER 1172 : HG  : Orientation 1/7

Working on cluster #44...
    A:CYS 1182 : HG  : 5 states

  Scoring exhaustively (5 potential combinations)...

  Cluster results:
    A:CYS 1182 : HG  : Orientation 1/4 (pKa = 12.12)

Working on cluster #45...
    A:SER 1186 : HG  : 5 states

  Scoring exhaustively (5 potential combinations)...

  Cluster results:
    A:SER 1186 : HG  : Default 2/5

Working on cluster #46...
    A:SER 1189 : HG  : 11 states

  Scoring exhaustively (11 potential combinations)...

  Cluster results:
    A:SER 1189 : HG  : Orientation 2/11

Working on cluster #47...
    A:SER 1206 : HG  : 8 states
    A:ASP 1203  : 3 states

  Scoring exhaustively (24 potential combinations)...

  Cluster results:
    A:SER 1206 : HG  : Orientation 1/8
    A:ASP 1203  : Charged (pKa = 3.91)

Working on cluster #48...
    A:THR 1211 : HG1 : 5 states

  Scoring exhaustively (5 potential combinations)...

  Cluster results:
    A:THR 1211 : HG1 : Stagger 1 3/5

Working on cluster #49...
    A:SER 1216 : HG  : 6 states

  Scoring exhaustively (6 potential combinations)...

  Cluster results:
    A:SER 1216 : HG  : Stagger 2 5/6

Working on cluster #50...
    A:SER 1219 : HG  : 6 states

  Scoring exhaustively (6 potential combinations)...

  Cluster results:
    A:SER 1219 : HG  : Stagger 3 6/6

Working on cluster #51...
    A:CYS 1235 : HG  : 9 states

  Scoring exhaustively (9 potential combinations)...

  Cluster results:
    A:CYS 1235 : HG  : Stagger 3 8/8 (pKa = 9.88)

Working on cluster #52...
    A:CYS 1237 : HG  : 6 states

  Scoring exhaustively (6 potential combinations)...

  Cluster results:
    A:CYS 1237 : HG  : Stagger 2 4/5 (pKa = 14.7)

Working on cluster #53...
    A:TYR 1239 : HH  : 6 states

  Scoring exhaustively (6 potential combinations)...

  Cluster results:
    A:TYR 1239 : HH  : Orientation 2/5 (pKa = 10.87)

Working on cluster #54...
    A:CYS 1255 : HG  : 7 states

  Scoring exhaustively (7 potential combinations)...

  Cluster results:
    A:CYS 1255 : HG  : Orientation 1/6 (pKa = 12.87)

Working on cluster #55...
    A:THR 1258 : HG1 : 8 states

  Scoring exhaustively (8 potential combinations)...

  Cluster results:
    A:THR 1258 : HG1 : Orientation 2/8

Working on cluster #56...
    A:CYS 1259 : HG  : 6 states

  Scoring exhaustively (6 potential combinations)...

  Cluster results:
    A:CYS 1259 : HG  : Orientation 2/5 (pKa = 8.88)

Working on cluster #57...
    A:TYR 1278 : HH  : 4 states

  Scoring exhaustively (4 potential combinations)...

  Cluster results:
    A:TYR 1278 : HH  : Orientation 1/3 (pKa = 10.85)

Working on cluster #58...
    A:SER 1281 : HG  : 4 states
    A:GLU 1158  : 3 states

  Scoring exhaustively (12 potential combinations)...

  Cluster results:
    A:SER 1281 : HG  : Orientation 1/4
    A:GLU 1158  : Charged (pKa = 5.02)

Working on cluster #59...
    A:TYR 1282 : HH  : 6 states

  Scoring exhaustively (6 potential combinations)...

  Cluster results:
    A:TYR 1282 : HH  : Orientation 1/5 (pKa = 10.52)

Working on cluster #60...
    A:TYR 1283 : HH  : 4 states

  Scoring exhaustively (4 potential combinations)...

  Cluster results:
    A:TYR 1283 : HH  : Orientation 1/3 (pKa = 10.18)

Working on cluster #61...
    A:CYS 1288 : HG  : 7 states

  Scoring exhaustively (7 potential combinations)...

  Cluster results:
    A:CYS 1288 : HG  : Stagger 2 5/6 (pKa = 9.04)

Working on cluster #62...
    A:THR 1307 : HG1 : 9 states

  Scoring exhaustively (9 potential combinations)...

  Cluster results:
    A:THR 1307 : HG1 : Default 8/9

Working on cluster #63...
    A:SER 1308 : HG  : 10 states

  Scoring exhaustively (10 potential combinations)...

  Cluster results:
    A:SER 1308 : HG  : Orientation 4/10

Working on cluster #64...
    A:THR 1310 : HG1 : 11 states

  Scoring exhaustively (11 potential combinations)...

  Cluster results:
    A:THR 1310 : HG1 : Orientation 3/11

Working on cluster #65...
    A:THR 1312 : HG1 : 5 states

  Scoring exhaustively (5 potential combinations)...

  Cluster results:
    A:THR 1312 : HG1 : Stagger 1 3/5

Working on cluster #66...
    A:SER 1314 : HG  : 8 states

  Scoring exhaustively (8 potential combinations)...

  Cluster results:
    A:SER 1314 : HG  : Default 7/8

Working on cluster #67...
    A:SER 1324 : HG  : 6 states

  Scoring exhaustively (6 potential combinations)...

  Cluster results:
    A:SER 1324 : HG  : Orientation 1/6

Working on cluster #68...
    A:TYR 1327 : HH  : 3 states

  Scoring exhaustively (3 potential combinations)...

  Cluster results:
    A:TYR 1327 : HH  : Orientation 1/2 (pKa = 9.17)

Working on cluster #69...
    A:TYR 1330 : HH  : 5 states

  Scoring exhaustively (5 potential combinations)...

  Cluster results:
    A:TYR 1330 : HH  : Orientation 1/4 (pKa = 12.94)

Working on cluster #70...
    A:SER 1332 : HG  : 8 states

  Scoring exhaustively (8 potential combinations)...

  Cluster results:
    A:SER 1332 : HG  : Orientation 1/8

Working on cluster #71...
    A:SER 1334 : HG  : 6 states
    A:GLU 1337  : 3 states

  Scoring exhaustively (18 potential combinations)...

  Cluster results:
    A:SER 1334 : HG  : Orientation 3/6
    A:GLU 1337  : Charged (pKa = 3.01)

Working on cluster #72...
    A:THR 1343 : HG1 : 6 states

  Scoring exhaustively (6 potential combinations)...

  Cluster results:
    A:THR 1343 : HG1 : Orientation 1/6

Working on cluster #73...
    A:SER 1344 : HG  : 8 states

  Scoring exhaustively (8 potential combinations)...

  Cluster results:
    A:SER 1344 : HG  : Orientation 1/8

Working on cluster #74...
    A:CYS 1354 : HG  : 7 states

  Scoring exhaustively (7 potential combinations)...

  Cluster results:
    A:CYS 1354 : HG  : Orientation 1/6 (pKa = 11.95)

Working on cluster #75...
    A:TYR 1359 : HH  : 5 states

  Scoring exhaustively (5 potential combinations)...

  Cluster results:
    A:TYR 1359 : HH  : Orientation 1/4 (pKa = 10.64)

Working on cluster #76...
    A:THR 1363 : HG1 : 7 states

  Scoring exhaustively (7 potential combinations)...

  Cluster results:
    A:THR 1363 : HG1 : Orientation 4/7

Working on cluster #77...
    A:CYS 1365 : HG  : 8 states

  Scoring exhaustively (8 potential combinations)...

  Cluster results:
    A:CYS 1365 : HG  : Orientation 2/7 (pKa = 12.41)

Working on cluster #78...
    A:TYR 1385 : HH  : 4 states

  Scoring exhaustively (4 potential combinations)...

  Cluster results:
    A:TYR 1385 : HH  : Default 1 2/3 (pKa = 10.27)

Working on cluster #79...
    A:CYS 1386 : HG  : 7 states

  Scoring exhaustively (7 potential combinations)...

  Cluster results:
    A:CYS 1386 : HG  : Stagger 3 6/6 (pKa = 11.1)

Working on cluster #80...
    A:THR 1387 : HG1 : 7 states

  Scoring exhaustively (7 potential combinations)...

  Cluster results:
    A:THR 1387 : HG1 : Orientation 5/7

Working on cluster #81...
    A:THR 1395 : HG1 : 6 states

  Scoring exhaustively (6 potential combinations)...

  Cluster results:
    A:THR 1395 : HG1 : Orientation 1/6

Working on cluster #82...
    A:TYR 1401 : HH  : 3 states

  Scoring exhaustively (3 potential combinations)...

  Cluster results:
    A:TYR 1401 : HH  : Orientation 1/2 (pKa = 10.06)

Working on cluster #83...
    A:GLU 1110  : 3 states

  Scoring exhaustively (3 potential combinations)...

  Cluster results:
    A:GLU 1110  : Charged (pKa = 4.06)

Working on cluster #84...
    A:GLU 1132  : 3 states

  Scoring exhaustively (3 potential combinations)...

  Cluster results:
    A:GLU 1132  : Charged (pKa = 3.03)

Working on cluster #85...
    A:ASP 1141  : 3 states

  Scoring exhaustively (3 potential combinations)...

  Cluster results:
    A:ASP 1141  : Charged (pKa = 4.02)

Working on cluster #86...
    A:GLU 1154  : 3 states

  Scoring exhaustively (3 potential combinations)...

  Cluster results:
    A:GLU 1154  : Charged (pKa = 4.8)

Working on cluster #87...
    A:ASP 1160  : 3 states

  Scoring exhaustively (3 potential combinations)...

  Cluster results:
    A:ASP 1160  : Charged (pKa = 3.42)

Working on cluster #88...
    A:GLU 1161  : 3 states

  Scoring exhaustively (3 potential combinations)...

  Cluster results:
    A:GLU 1161  : Charged (pKa = 4.04)

Working on cluster #89...
    A:GLU 1210  : 3 states

  Scoring exhaustively (3 potential combinations)...

  Cluster results:
    A:GLU 1210  : Charged (pKa = 5.02)

Working on cluster #90...
    A:ASP 1225  : 3 states

  Scoring exhaustively (3 potential combinations)...

  Cluster results:
    A:ASP 1225  : Charged (pKa = 3.21)

Working on cluster #91...
    A:GLU 1241  : 3 states

  Scoring exhaustively (3 potential combinations)...

  Cluster results:
    A:GLU 1241  : Charged (pKa = 5.68)

Working on cluster #92...
    A:GLU 1242  : 3 states

  Scoring exhaustively (3 potential combinations)...

  Cluster results:
    A:GLU 1242  : Charged (pKa = 4.65)

Working on cluster #93...
    A:ASP 1276  : 3 states

  Scoring exhaustively (3 potential combinations)...

  Cluster results:
    A:ASP 1276  : Charged (pKa = 4.52)

Working on cluster #94...
    A:GLU 1299  : 3 states

  Scoring exhaustively (3 potential combinations)...

  Cluster results:
    A:GLU 1299  : Charged (pKa = 3.8)

Working on cluster #95...
    A:GLU 1303  : 3 states

  Scoring exhaustively (3 potential combinations)...

  Cluster results:
    A:GLU 1303  : Charged (pKa = 4.69)

Working on cluster #96...
    A:ASP 1311  : 3 states

  Scoring exhaustively (3 potential combinations)...

  Cluster results:
    A:ASP 1311  : Charged (pKa = 5.15)

Working on cluster #97...
    A:GLU 1321  : 3 states

  Scoring exhaustively (3 potential combinations)...

  Cluster results:
    A:GLU 1321  : Charged (pKa = 5.9)

Working on cluster #98...
    A:ASP 1349  : 3 states

  Scoring exhaustively (3 potential combinations)...

  Cluster results:
    A:ASP 1349  : Charged (pKa = 3.78)

Working on cluster #99...
    A:GLU 1381  : 3 states

  Scoring exhaustively (3 potential combinations)...

  Cluster results:
    A:GLU 1381  : Charged (pKa = 3.94)

Working on cluster #100...
    A:ASP 1389  : 3 states

  Scoring exhaustively (3 potential combinations)...

  Cluster results:
    A:ASP 1389  : Charged (pKa = 3.17)

Working on cluster #101...
    A:ASP 1391  : 3 states

  Scoring exhaustively (3 potential combinations)...

  Cluster results:
    A:ASP 1391  : Charged (pKa = 4.17)

Working on cluster #102...
    A:GLU 1400  : 3 states

  Scoring exhaustively (3 potential combinations)...

  Cluster results:
    A:GLU 1400  : Charged (pKa = 3.54)


Recalculating pKas to identify changes in protonation penalties...
  Running PropKa to get pKas
    No changes in protonation penalties found.

Minimizing hydrogens...

Total score for structure: -311.228900102

Final pKas:
  A:LYS 1101  : 10.49
  A:LYS 1109  : 10.30
  A:LYS 1114  : 10.24
  A:LYS 1150  : 11.83
  A:LYS 1173  : 9.78
  A:LYS 1205  : 9.50
  A:LYS 1267  : 10.43
  A:LYS 1285  : 10.56
  A:LYS 1294  : 8.96
  A:LYS 1309  : 9.70
  A:LYS 1333  : 10.32
  A:LYS 1352  : 10.18
  A:HID 1124  : 6.40
  A:HID 1176  : 4.88
  A:HID 1228  : 5.72
  A:HID 1244  : 6.32
  A:HID 1247  : 5.29
  A:HID 1368  : 6.98
  A:TYR 1096 : HH  : 13.93
  A:CYS 1097 : HG  : 8.68
  A:TYR 1131 : HH  : 11.76
  A:TYR 1156 : HH  : 10.52
  A:CYS 1182 : HG  : 12.12
  A:CYS 1235 : HG  : 9.88
  A:CYS 1237 : HG  : 14.70
  A:TYR 1239 : HH  : 10.87
  A:CYS 1255 : HG  : 12.87
  A:CYS 1259 : HG  : 8.88
  A:TYR 1278 : HH  : 10.85
  A:TYR 1282 : HH  : 10.52
  A:TYR 1283 : HH  : 10.18
  A:CYS 1288 : HG  : 9.04
  A:TYR 1327 : HH  : 9.17
  A:TYR 1330 : HH  : 12.94
  A:CYS 1354 : HG  : 11.95
  A:TYR 1359 : HH  : 10.64
  A:CYS 1365 : HG  : 12.41
  A:TYR 1385 : HH  : 10.27
  A:CYS 1386 : HG  : 11.10
  A:TYR 1401 : HH  : 10.06
  A:ASP 1107  : 2.35
  A:GLU 1110  : 4.06
  A:GLU 1129  : 2.07
  A:GLU 1132  : 3.03
  A:ASP 1141  : 4.02
  A:GLU 1154  : 4.80
  A:GLU 1158  : 5.02
  A:ASP 1160  : 3.42
  A:GLU 1161  : 4.04
  A:ASP 1163  : 5.39
  A:GLU 1167  : 2.00
  A:GLU 1197  : 4.01
  A:ASP 1203  : 3.91
  A:GLU 1210  : 5.02
  A:ASP 1225  : 3.21
  A:ASP 1232  : 3.99
  A:GLU 1241  : 5.68
  A:GLU 1242  : 4.65
  A:ASP 1249  : 3.59
  A:ASP 1270  : 4.76
  A:ASP 1276  : 4.52
  A:GLU 1299  : 3.80
  A:GLU 1303  : 4.69
  A:ASP 1311  : 5.15
  A:GLU 1321  : 5.90
  A:GLU 1337  : 3.01
  A:GLU 1340  : 4.06
  A:ASP 1349  : 3.78
  A:GLU 1371  : 3.14
  A:ASP 1372  : 4.31
  A:GLU 1381  : 3.94
  A:GLU 1384  : 4.17
  A:ASP 1389  : 3.17
  A:ASP 1391  : 4.17
  A:GLU 1400  : 3.54
Structure extracted from file: 2YJS-protassign.mae
Output structure will be written to: 2YJS-protassign-out.mae

Complete. Output file: 2YJS-protassign-out.mae
