
** Heavy-atom coordinates will be fixed: maxlevel set to 0
  **
  ** Beginning refinement level 0
  **

%IMPACT-I (openwt): Request to open FORMATTED file 4fnw-impref_ref0.out on unit   2
 Entering IMPACT execution environment 
 Date: Tuesday, October 17 2017, at 13:21:21 EDT
 Impact version 76016
 mmshare version        39016
 Copyright (c) Schrodinger, LLC.
 All Rights Reserved.

 Host: Darwin lski1985 14.5.0 Darwin Kernel Version 14.5.0: Sun Jun  4 21:40:08 PDT 2017; root:xnu-2782.70.3~1/RELEASE_X86_64 x86_64
 Job Name: 4fnw-impref_ref0
 SCHRODINGER  directory: /opt/schrodinger/suites2017-3
 IMPACT_EXEC  directory: /opt/schrodinger/suites2017-3/impact-v7.6/bin/Darwin-x86_64
 MMSHARE_EXEC directory: /opt/schrodinger/suites2017-3/mmshare-v3.9/bin/Darwin-x86_64

 Clock-based global random seed:     1508260881
%IMPACT-I(foldmain): calling OPLS3 atomtyping ...
%IMPACT-I(foldmain): finished parameter assignment
 PARM read from file "paramstd.dat"
 Parameter obtained from atomtyping
      Current coord. are written to file: "4fnw-impref.init_coord.rst"
      Box dimensions not written


 Total number of atoms  =  5946
 
 Neighbor List Cutoff Settings
 ==================================
 Cutoff radius:   10.0000000000000     
 Update frequency: every           10  steps
 Species   1 : Neighbors are calculated on a per residue basis
 Species   1 : Cutoff by inter-atomic distances
 
 Step number:          0         Non-bonded count:  1421915
 E-pot        RMS grad     Max grad    
 -1.29523E+04  1.76628E+02  8.83622E+03
 Step number:         10         Non-bonded count:  1421915
 -2.04469E+04  2.32279E+00  6.01907E+01
 Step number:         20         Non-bonded count:  1421915
 -2.07306E+04  1.23749E+00  5.71120E+01
 Step number:         30         Non-bonded count:  1421915
 -2.09256E+04  1.69034E+00  2.85827E+01
 Step number:         40         Non-bonded count:  1421915
 -2.10321E+04  1.71156E+00  3.62845E+01
 Step number:         50         Non-bonded count:  1421915
 -2.11259E+04  1.17530E+00  2.92843E+01
 Step number:         60         Non-bonded count:  1421915
 -2.12079E+04  7.67486E-01  2.44455E+01
 Step number:         70         Non-bonded count:  1421915
 -2.12577E+04  7.69372E-01  2.06166E+01
 Step number:         80         Non-bonded count:  1421915
 -2.12944E+04  7.23522E-01  2.52704E+01
 Step number:         90         Non-bonded count:  1421915
 -2.13223E+04  5.46509E-01  1.25967E+01
 Step number:        100         Non-bonded count:  1421915
 -2.13461E+04  4.35281E-01  7.44724E+00
 Step number:        100         Non-bonded count:  1421915
 -2.13461E+04  4.35281E-01  7.44724E+00
      Current coord. are written to file: "4fnw-impref.min0_coord.rst"
      Box dimensions not written
      Current coordinates are read from file: "4fnw-impref.init_coord.rst"
      Box dimensions not read
          read from "4fnw-impref.init_coord.rst"
  
 Energy and Force Generation Info: 
 --------------------------------- 
 Number of E&F called:     340
 PARM read from file "paramstd.dat"
 Parameter obtained from atomtyping
      Current coordinates are read from file: "4fnw-impref.min0_coord.rst"
      Box dimensions not read
          read from "4fnw-impref.min0_coord.rst"


 Total number of atoms  =  5946
 
 Neighbor List Cutoff Settings
 ==================================
 Cutoff radius:   10.0000000000000     
 Update frequency: every           10  steps
 Species   1 : Neighbors are calculated on a per residue basis
 Species   1 : Cutoff by inter-atomic distances
 
 Step number:          0         Non-bonded count:  1421915
 E-pot        RMS grad     Max grad    
 -2.03780E+04  2.41092E+00  2.80283E+01
 Step number:         10         Non-bonded count:  1421915
 -2.10235E+04  1.17691E+00  2.43581E+01
 Step number:         20         Non-bonded count:  1421915
 -2.11089E+04  6.82340E-01  1.74704E+01
 Step number:         30         Non-bonded count:  1421915
 -2.11435E+04  4.47864E-01  9.70547E+00
 Step number:         40         Non-bonded count:  1421915
 -2.11629E+04  3.50286E-01  1.05039E+01
 Step number:         50         Non-bonded count:  1421915
 -2.11742E+04  2.97839E-01  1.15772E+01
 Step number:         60         Non-bonded count:  1421915
 -2.11841E+04  2.51441E-01  1.05042E+01
 Step number:         70         Non-bonded count:  1421915
 -2.11893E+04  2.33344E-01  1.01188E+01
 Step number:         80         Non-bonded count:  1421915
 -2.11930E+04  2.20696E-01  7.32920E+00
 Step number:         90         Non-bonded count:  1421915
 -2.11963E+04  1.69751E-01  4.47620E+00
 Step number:        100         Non-bonded count:  1421915
 -2.11985E+04  1.59275E-01  4.86475E+00
 Step number:        100         Non-bonded count:  1421915
 -2.11985E+04  1.59275E-01  4.86475E+00
  
 Energy and Force Generation Info: 
 --------------------------------- 
 Number of E&F called:     607


Final Energy Reports:
------------------------------------
 Total Energy of the system...... -2.11985E+04 kcal/mol
 Total Potential Energy.......... -2.11985E+04 kcal/mol
 Total Kinetic Energy............  0.00000E+00 kcal/mol
 Temperature of the system.......        0.000 K
 Bond Stretch Energy.............  1.45412E+01 kcal/mol
 Angle Bending Energy............  2.33105E+02 kcal/mol
 Torsion Angle Energy............  6.81870E+01 kcal/mol
 Restraining Energy for Torsions.  0.00000E+00 kcal/mol
 1,4 Lennard Jones Energy........  4.47484E+02 kcal/mol
 1,4 Electrostatic Energy........ -3.96084E+02 kcal/mol
 Lennard Jones Energy............ -7.96009E+02 kcal/mol
 Electrostatic Energy............ -2.07697E+04 kcal/mol
 H-bond Energy...................  0.00000E+00 kcal/mol
 
 Exiting IMPACT execution environment 
 Date: Tuesday, October 17 2017, at 13:22:06 EDT
%IMPACT-I (timit): Total CPU time =      37.37 seconds (   0.6 minutes)
Total elapsed time = 47 seconds
  ** Completed refinement level 0      rmsd =  0.019

** Refinement finished. Final level: 0

** The refined complex file is 4fnw-impref_ref.mae.
