COMMAND:
 /opt/schrodinger/suites2017-3/epik-v4.1/bin/Darwin-x86_64/epik_app -imae 4fnw-epik.mae -omae 4fnw-epik-out.mae -ms 32 -ph 7.4 -pht 0.0 -cg 0.3 0.3 -metal_binding
SCHRODINGER: /opt/schrodinger/suites2017-3

Running Epik version     4.1016
Epik. Copyright Schrodinger, LLC. All rights reserved.

Input file name:                        4fnw-epik.mae
Output file name:                       4fnw-epik-out.mae
Maximum number of states set to: 32
Structure adjustment calculation requested.
  Target pH set to 7.400
pHt tolerance set to 0.000000e+00
Both connectivity and geometry used in determining redundant structures.
  Structures are distinct if: 
    any position differs by more than 3.000000e-01
    the rms difference in positions is larger than 3.000000e-01
Metal binding mode turned on.

Adjusting structures for pH 7.400000e+00 and minimum probability 1.000000e+00
Solvent model name:                     water
Jobcontrol is not being used for this specific Epik calculation.
---------------------------
Processing Input Structure #1
        Title: 
Metal Binding:    Using non-metal probability:          1.000000e+00
                                              Calculated pKas
                                                 Conjugate
                                          Atom   Acid/Base  pKa
. . . . . . . . . . . . . . . . . . . . . . .
Variation: 1
                                             9   Conj_Acid 14.76
                                            14   Conj_Acid 14.76
                                            11   Conj_Acid 14.18
                                             2   Conj_Base  0.65
                                             4   Conj_Base -0.64
                                             6   Conj_Base  0.65
 pKa penalty:                                 0.00 kcal/mol
     Charging penalty:                        0.00 kcal/mol
     Neutralization penalty:                  0.00 kcal/mol
 Overall Penalty (tautomerization included): -0.00 kcal/mol
 Total Charge: 0
 Metal Penalty:                              -0.00 kcal/mol
---------------------------
Processing Input Structure #2
        Title: 
Metal Binding:    Using non-metal probability:          1.000000e+00
                                              Calculated pKas
                                                 Conjugate
                                          Atom   Acid/Base  pKa
. . . . . . . . . . . . . . . . . . . . . . .
Variation: 1
                                             9   Conj_Acid 14.76
                                            14   Conj_Acid 14.76
                                            11   Conj_Acid 14.18
                                             2   Conj_Base  0.65
                                             4   Conj_Base -0.64
                                             6   Conj_Base  0.65
 pKa penalty:                                 0.00 kcal/mol
     Charging penalty:                        0.00 kcal/mol
     Neutralization penalty:                  0.00 kcal/mol
 Overall Penalty (tautomerization included): -0.00 kcal/mol
 Total Charge: 0
 Metal Penalty:                              -0.00 kcal/mol
---------------------------
