
Working on structure 1
Fixing common structure mistakes...
  No mistakes were found
Pre-treating metals...
Done treating metals
Assigning bond orders...
  Using CCD: True
  No bond orders were changed
Removing and re-adding hydrogens...
Treating metals...
Creating di-sulfur bonds...
Converting Selenomethionines...
Filling missing loops using Prime...
Attempting to build missing loops with Knowledge-Based Methods
    A: 1123 -- A: 1128   HGAF
    A: 1136 -- A: 1143   GMPNDP
    A: 1279 -- A: 1288   ASYYRKGG
Generating models for each loop... 
Total number of loops: 3
Working on loop 0 - A:1123,A:1128,HGAF
Number of returned models for loop 0 : 2
Working on loop 1 - A:1136,A:1143,GMPNDP
Number of returned models for loop 1 : 2
Working on loop 2 - A:1279,A:1288,ASYYRKGG
Number of returned models for loop 2 : 2
Combining models from all loops... 
Combination index: [0, 0, 0]
Side chain optimizing...
Minimizing...
Accept model # 0
Detecting missing residue atoms...
Finding het groups...
Coloring atoms by element (green carbons in hets)...
Finding het groups (for Epik)...
Processing 2 het groups...
  Using Epik with pH: 7.4
        and pH Range: 0.0
  Max states per het: 32
Running Epik on 2 het groups...
  Waiting for epik...
  Het A:GOL (1501): keeping all 1 state(s):
    State penalty: -0.00 kcal/mol; H-Bond count: 1.
  Het A:GOL (1502): keeping all 1 state(s):
    State penalty: -0.00 kcal/mol; H-Bond count: 1.
Running ProtAssign...
  Uses -minimize option in ProtAssign
  Using PROPKA with pH: 7.4
  RUNNING: /opt/schrodinger/suites2017-3/utilities/protassign 4fnw-protassign.mae 4fnw-protassign-out.mae -NOJOBID -nowater -minimize -propka_pH 7.4
Optimize H-bond job completed.
Running restrained minimization...
  RMSD: 0.3
  Force field: 3
  hydrogens only
done with preparation
Writing to file...
DONE. Output file: /Users/albaness/pdbs/apo/ALK/4fnw-fixed-prepped.pdb
