
** Heavy-atom coordinates will be fixed: maxlevel set to 0
  **
  ** Beginning refinement level 0
  **

%IMPACT-I (openwt): Request to open FORMATTED file 3ug1-impref_ref0.out on unit   2
 Entering IMPACT execution environment 
 Date: Tuesday, October 17 2017, at 13:16:46 EDT
 Impact version 76016
 mmshare version        39016
 Copyright (c) Schrodinger, LLC.
 All Rights Reserved.

 Host: Darwin lski1985 14.5.0 Darwin Kernel Version 14.5.0: Sun Jun  4 21:40:08 PDT 2017; root:xnu-2782.70.3~1/RELEASE_X86_64 x86_64
 Job Name: 3ug1-impref_ref0
 SCHRODINGER  directory: /opt/schrodinger/suites2017-3
 IMPACT_EXEC  directory: /opt/schrodinger/suites2017-3/impact-v7.6/bin/Darwin-x86_64
 MMSHARE_EXEC directory: /opt/schrodinger/suites2017-3/mmshare-v3.9/bin/Darwin-x86_64

 Clock-based global random seed:     1508260606
%IMPACT-I(foldmain): calling OPLS3 atomtyping ...
%IMPACT-I(foldmain): finished parameter assignment
 PARM read from file "paramstd.dat"
 Parameter obtained from atomtyping
      Current coord. are written to file: "3ug1-impref.init_coord.rst"
      Box dimensions not written


 Total number of atoms  =  5249
 
 Neighbor List Cutoff Settings
 ==================================
 Cutoff radius:   10.0000000000000     
 Update frequency: every           10  steps
 Species   1 : Neighbors are calculated on a per residue basis
 Species   1 : Cutoff by inter-atomic distances
 
 Step number:          0         Non-bonded count:  1217036
 E-pot        RMS grad     Max grad    
  4.28450E+04  1.10469E+04  4.96501E+05
 Step number:         10         Non-bonded count:  1217036
 -8.07671E+03  1.52529E+00  4.16456E+01
 Step number:         20         Non-bonded count:  1217036
 -8.22317E+03  1.14312E+00  5.88041E+01
 Step number:         30         Non-bonded count:  1217036
 -8.27912E+03  6.93175E-01  2.01111E+01
 Step number:         40         Non-bonded count:  1217036
 -8.30335E+03  4.75466E-01  1.26190E+01
 Step number:         50         Non-bonded count:  1217036
 -8.31947E+03  3.33151E-01  7.99287E+00
 Step number:         60         Non-bonded count:  1217036
 -8.32657E+03  2.63740E-01  1.44779E+01
 Step number:         70         Non-bonded count:  1217036
 -8.33127E+03  2.51077E-01  5.04927E+00
 Step number:         80         Non-bonded count:  1217036
 -8.33566E+03  1.98268E-01  4.59618E+00
 Step number:         90         Non-bonded count:  1217036
 -8.33890E+03  1.61188E-01  4.66257E+00
 Step number:        100         Non-bonded count:  1217036
 -8.34099E+03  1.64553E-01  5.42915E+00
 Step number:        100         Non-bonded count:  1217036
 -8.34099E+03  1.64553E-01  5.42915E+00
      Current coord. are written to file: "3ug1-impref.min0_coord.rst"
      Box dimensions not written
      Current coordinates are read from file: "3ug1-impref.init_coord.rst"
      Box dimensions not read
          read from "3ug1-impref.init_coord.rst"
  
 Energy and Force Generation Info: 
 --------------------------------- 
 Number of E&F called:     274
 PARM read from file "paramstd.dat"
 Parameter obtained from atomtyping
      Current coordinates are read from file: "3ug1-impref.min0_coord.rst"
      Box dimensions not read
          read from "3ug1-impref.min0_coord.rst"


 Total number of atoms  =  5249
 
 Neighbor List Cutoff Settings
 ==================================
 Cutoff radius:   10.0000000000000     
 Update frequency: every           10  steps
 Species   1 : Neighbors are calculated on a per residue basis
 Species   1 : Cutoff by inter-atomic distances
 
 Step number:          0         Non-bonded count:  1217036
 E-pot        RMS grad     Max grad    
 -7.11110E+03  2.71623E+00  2.85920E+01
 Step number:         10         Non-bonded count:  1217036
 -7.89476E+03  1.14657E+00  3.80298E+01
 Step number:         20         Non-bonded count:  1217036
 -7.98265E+03  5.94718E-01  1.24121E+01
 Step number:         30         Non-bonded count:  1217036
 -8.00961E+03  4.68639E-01  2.54951E+01
 Step number:         40         Non-bonded count:  1217036
 -8.02075E+03  3.32708E-01  1.25773E+01
 Step number:         50         Non-bonded count:  1217036
 -8.02720E+03  2.36204E-01  9.01934E+00
 Step number:         60         Non-bonded count:  1217036
 -8.03172E+03  1.57499E-01  4.17728E+00
 Step number:         70         Non-bonded count:  1217036
 -8.03350E+03  1.27277E-01  3.28592E+00
 Step number:         80         Non-bonded count:  1217036
 -8.03460E+03  7.89324E-02  2.41279E+00
 Step number:         90         Non-bonded count:  1217036
 -8.03515E+03  9.92762E-02  5.30943E+00
 Step number:        100         Non-bonded count:  1217036
 -8.03573E+03  7.58901E-02  4.31389E+00
 Step number:        100         Non-bonded count:  1217036
 -8.03573E+03  7.58901E-02  4.31389E+00
  
 Energy and Force Generation Info: 
 --------------------------------- 
 Number of E&F called:     554


Final Energy Reports:
------------------------------------
 Total Energy of the system...... -8.03573E+03 kcal/mol
 Total Potential Energy.......... -8.03573E+03 kcal/mol
 Total Kinetic Energy............  0.00000E+00 kcal/mol
 Temperature of the system.......        0.000 K
 Bond Stretch Energy.............  1.69197E+01 kcal/mol
 Angle Bending Energy............  4.20016E+02 kcal/mol
 Torsion Angle Energy............  1.36630E+02 kcal/mol
 Restraining Energy for Torsions.  0.00000E+00 kcal/mol
 1,4 Lennard Jones Energy........  5.90489E+02 kcal/mol
 1,4 Electrostatic Energy........ -3.54191E+02 kcal/mol
 Lennard Jones Energy............ -4.48781E+02 kcal/mol
 Electrostatic Energy............ -8.39681E+03 kcal/mol
 H-bond Energy...................  0.00000E+00 kcal/mol
 
 Exiting IMPACT execution environment 
 Date: Tuesday, October 17 2017, at 13:17:06 EDT
%IMPACT-I (timit): Total CPU time =      20.03 seconds (   0.3 minutes)
Total elapsed time = 21 seconds
  ** Completed refinement level 0      rmsd =  0.043

** Refinement finished. Final level: 0

** The refined complex file is 3ug1-impref_ref.mae.
