
Working on structure 1
Fixing common structure mistakes...
  No mistakes were found
Pre-treating metals...
Done treating metals
Assigning bond orders...
  Using CCD: True
CCD template assignment successfully used for HET "MES "
  Assigned the following bonds (format: atom1, atom2, order): set([(2310, 2313, 2), (2310, 2312, 2)])
Removing and re-adding hydrogens...
Treating metals...
Creating di-sulfur bonds...
Converting Selenomethionines...
Filling missing loops using Prime...
Attempting to build missing loops with Knowledge-Based Methods
    A:  720 -- A:  724   GAF
    A:  746 -- A:  752   LREAT
    A:  984 -- A: 1003   ERMHLPSPTDSNFYRALM
Generating models for each loop... 
Total number of loops: 3
Working on loop 0 - A:720,A:724,GAF
Number of returned models for loop 0 : 2
Working on loop 1 - A:746,A:752,LREAT
Number of returned models for loop 1 : 2
Working on loop 2 - A:984,A:1003,ERMHLPSPTDSNFYRALM
Number of returned models for loop 2 : 2
Combining models from all loops... 
Combination index: [0, 0, 0]
Side chain optimizing...
Minimizing...
Severe clashes still exist, discard this model...
Combination index: [1, 1, 1]
Side chain optimizing...
Minimizing...
Accept model # 0
Detecting missing residue atoms...
Filling missing side chains using Prime...
Prime output file: /Users/albaness/pdbs/apo/EGFR/3ug1.pdb-prepped/3ug1-missing-side-chains-out.maegz
Finding het groups...
Coloring atoms by element (green carbons in hets)...
Finding het groups (for Epik)...
Processing 1 het groups...
  Using Epik with pH: 7.4
        and pH Range: 0.0
  Max states per het: 32
Running Epik on 1 het groups...
  Waiting for epik...
  Het A:MES (10): keeping all 1 state(s):
    State penalty: 0.19 kcal/mol; H-Bond count: 3.
Running ProtAssign...
  Uses -minimize option in ProtAssign
  Using PROPKA with pH: 7.4
  RUNNING: /opt/schrodinger/suites2017-3/utilities/protassign 3ug1-protassign.mae 3ug1-protassign-out.mae -NOJOBID -nowater -minimize -propka_pH 7.4
Optimize H-bond job completed.
Running restrained minimization...
  RMSD: 0.3
  Force field: 3
  hydrogens only
done with preparation
Writing to file...
DONE. Output file: /Users/albaness/pdbs/apo/EGFR/3ug1-fixed-prepped.pdb
