
** Heavy-atom coordinates will be fixed: maxlevel set to 0
  **
  ** Beginning refinement level 0
  **

%IMPACT-I (openwt): Request to open FORMATTED file 5edp-impref_ref0.out on unit   2
 Entering IMPACT execution environment 
 Date: Tuesday, October 17 2017, at 13:22:34 EDT
 Impact version 76016
 mmshare version        39016
 Copyright (c) Schrodinger, LLC.
 All Rights Reserved.

 Host: Darwin lski1985 14.5.0 Darwin Kernel Version 14.5.0: Sun Jun  4 21:40:08 PDT 2017; root:xnu-2782.70.3~1/RELEASE_X86_64 x86_64
 Job Name: 5edp-impref_ref0
 SCHRODINGER  directory: /opt/schrodinger/suites2017-3
 IMPACT_EXEC  directory: /opt/schrodinger/suites2017-3/impact-v7.6/bin/Darwin-x86_64
 MMSHARE_EXEC directory: /opt/schrodinger/suites2017-3/mmshare-v3.9/bin/Darwin-x86_64

 Clock-based global random seed:     1508260954
%IMPACT-I(foldmain): calling OPLS3 atomtyping ...
%IMPACT-I(foldmain): finished parameter assignment
 PARM read from file "paramstd.dat"
 Parameter obtained from atomtyping
      Current coord. are written to file: "5edp-impref.init_coord.rst"
      Box dimensions not written


 Total number of atoms  =  5177
 
 Neighbor List Cutoff Settings
 ==================================
 Cutoff radius:   10.0000000000000     
 Update frequency: every           10  steps
 Species   1 : Neighbors are calculated on a per residue basis
 Species   1 : Cutoff by inter-atomic distances
 
 Step number:          0         Non-bonded count:  1192332
 E-pot        RMS grad     Max grad    
 -6.25938E+03  1.14502E+01  5.08877E+02
 Step number:         10         Non-bonded count:  1192332
 -6.66272E+03  2.13483E+00  1.30528E+02
 Step number:         20         Non-bonded count:  1192332
 -6.69610E+03  1.29092E+00  8.17900E+01
 Step number:         30         Non-bonded count:  1192332
 -6.73333E+03  1.37079E+00  9.75582E+01
 Step number:         40         Non-bonded count:  1192332
 -6.76122E+03  8.47553E-01  5.32833E+01
 Step number:         50         Non-bonded count:  1192332
 -6.77608E+03  1.15484E+00  7.72581E+01
 Step number:         60         Non-bonded count:  1192332
 -6.78854E+03  6.13784E-01  2.65866E+01
 Step number:         70         Non-bonded count:  1192332
 -6.79782E+03  6.61837E-01  2.78593E+01
 Step number:         80         Non-bonded count:  1192332
 -6.80618E+03  4.28109E-01  1.59959E+01
 Step number:         90         Non-bonded count:  1192332
 -6.81202E+03  5.29584E-01  2.51473E+01
 Step number:        100         Non-bonded count:  1192332
 -6.81613E+03  5.82414E-01  3.74913E+01
 Step number:        100         Non-bonded count:  1192332
 -6.81613E+03  5.82414E-01  3.74913E+01
      Current coord. are written to file: "5edp-impref.min0_coord.rst"
      Box dimensions not written
      Current coordinates are read from file: "5edp-impref.init_coord.rst"
      Box dimensions not read
          read from "5edp-impref.init_coord.rst"
  
 Energy and Force Generation Info: 
 --------------------------------- 
 Number of E&F called:     274
 PARM read from file "paramstd.dat"
 Parameter obtained from atomtyping
      Current coordinates are read from file: "5edp-impref.min0_coord.rst"
      Box dimensions not read
          read from "5edp-impref.min0_coord.rst"


 Total number of atoms  =  5177
 
 Neighbor List Cutoff Settings
 ==================================
 Cutoff radius:   10.0000000000000     
 Update frequency: every           10  steps
 Species   1 : Neighbors are calculated on a per residue basis
 Species   1 : Cutoff by inter-atomic distances
 
 Step number:          0         Non-bonded count:  1192332
 E-pot        RMS grad     Max grad    
 -6.01649E+03  2.50254E+00  3.78126E+01
 Step number:         10         Non-bonded count:  1192332
 -6.42099E+03  1.83842E+00  4.32365E+01
 Step number:         20         Non-bonded count:  1192332
 -6.55520E+03  4.27393E+00  2.37992E+02
 Step number:         30         Non-bonded count:  1192332
 -6.59755E+03  1.15185E+00  8.08425E+01
 Step number:         40         Non-bonded count:  1192332
 -6.61346E+03  5.81149E-01  2.90234E+01
 Step number:         50         Non-bonded count:  1192332
 -6.62776E+03  8.51567E-01  4.93773E+01
 Step number:         60         Non-bonded count:  1192332
 -6.63323E+03  4.86376E-01  2.75820E+01
 Step number:         70         Non-bonded count:  1192332
 -6.63645E+03  3.10049E-01  1.28376E+01
 Step number:         80         Non-bonded count:  1192332
 -6.64070E+03  5.65794E-01  3.15276E+01
 Step number:         90         Non-bonded count:  1192332
 -6.64535E+03  4.58941E-01  2.91786E+01
 Step number:        100         Non-bonded count:  1192332
 -6.64912E+03  3.60710E-01  1.76870E+01
 Step number:        100         Non-bonded count:  1192332
 -6.64912E+03  3.60710E-01  1.76870E+01
  
 Energy and Force Generation Info: 
 --------------------------------- 
 Number of E&F called:     574


Final Energy Reports:
------------------------------------
 Total Energy of the system...... -6.64912E+03 kcal/mol
 Total Potential Energy.......... -6.64912E+03 kcal/mol
 Total Kinetic Energy............  0.00000E+00 kcal/mol
 Temperature of the system.......        0.000 K
 Bond Stretch Energy.............  1.10485E+03 kcal/mol
 Angle Bending Energy............  3.26823E+02 kcal/mol
 Torsion Angle Energy............  4.51992E+01 kcal/mol
 Restraining Energy for Torsions.  0.00000E+00 kcal/mol
 1,4 Lennard Jones Energy........  4.62754E+02 kcal/mol
 1,4 Electrostatic Energy........ -3.65799E+02 kcal/mol
 Lennard Jones Energy............ -3.32304E+02 kcal/mol
 Electrostatic Energy............ -7.89064E+03 kcal/mol
 H-bond Energy...................  0.00000E+00 kcal/mol
 
 Exiting IMPACT execution environment 
 Date: Tuesday, October 17 2017, at 13:23:02 EDT
%IMPACT-I (timit): Total CPU time =      26.02 seconds (   0.4 minutes)
Total elapsed time = 30 seconds
  ** Completed refinement level 0      rmsd =  0.065

** Refinement finished. Final level: 0

** The refined complex file is 5edp-impref_ref.mae.
