
Working on structure 1
Fixing common structure mistakes...
  No mistakes were found
Pre-treating metals...
Done treating metals
Assigning bond orders...
  Using CCD: True
  No bond orders were changed
Removing and re-adding hydrogens...
Treating metals...
Creating di-sulfur bonds...
Converting Selenomethionines...
Filling missing loops using Prime...
Attempting to build missing loops with Knowledge-Based Methods
    A:  747 -- A:  750   RE
    A:  859 -- A:  875   KLLGAAAAEYHAEGG
    A:  997 -- A: 1008   YRALMDEEDM
Generating models for each loop... 
Total number of loops: 3
Working on loop 0 - A:747,A:750,RE
Number of returned models for loop 0 : 2
Working on loop 1 - A:859,A:875,KLLGAAAAEYHAEGG
Number of returned models for loop 1 : 2
Working on loop 2 - A:997,A:1008,YRALMDEEDM
Number of returned models for loop 2 : 2
Combining models from all loops... 
Combination index: [0, 0, 0]
Side chain optimizing...
Minimizing...
Severe clashes still exist, discard this model...
Combination index: [1, 1, 1]
Side chain optimizing...
Minimizing...
Severe clashes still exist, discard this model...
Combination index: [1, 1, 0]
Side chain optimizing...
Minimizing...
Severe clashes still exist, discard this model...
Combination index: [0, 1, 0]
Side chain optimizing...
Minimizing...
The first 3 models have clashes, going to accept this model anyway...
Accept model # 0
Detecting missing residue atoms...
Finding het groups...
Coloring atoms by element (green carbons in hets)...
Finding het groups (for Epik)...
Processing 0 het groups...
  Using Epik with pH: 7.4
        and pH Range: 0.0
  Max states per het: 32
  Epik was not run, as there are no preparable groups
Running ProtAssign...
  Uses -minimize option in ProtAssign
  Using PROPKA with pH: 7.4
  RUNNING: /opt/schrodinger/suites2017-3/utilities/protassign 5edp-protassign.mae 5edp-protassign-out.mae -NOJOBID -nowater -minimize -propka_pH 7.4
Optimize H-bond job completed.
Running restrained minimization...
  RMSD: 0.3
  Force field: 3
  hydrogens only
done with preparation
Writing to file...
DONE. Output file: /Users/albaness/pdbs/apo/EGFR/5edp-fixed-prepped.pdb
